#
# A fatal error has been detected by the Java Runtime Environment:
#
#  SIGSEGV (0xb) at pc=0x00007fcfa5023c69, pid=3608, tid=0x00007fcf844d7700
#
# JRE version: OpenJDK Runtime Environment (8.0_181-b13) (build 1.8.0_181-8u181-b13-2~deb9u1-b13)
# Java VM: OpenJDK 64-Bit Server VM (25.181-b13 mixed mode linux-amd64 compressed oops)
# Problematic frame:
# j  com.enrol.Lecturer_$$_jvst521_0.isDirty(Ljava/lang/String;)Z+0
#
# Failed to write core dump. Core dumps have been disabled. To enable core dumping, try "ulimit -c unlimited" before starting Java again
#
# If you would like to submit a bug report, please visit:
#   http://bugreport.java.com/bugreport/crash.jsp
#

---------------  T H R E A D  ---------------

Current thread (0x00007fcfb5894000):  JavaThread "http-nio-8080-exec-6" daemon [_thread_in_Java, id=3643, stack(0x00007fcf843d7000,0x00007fcf844d8000)]

siginfo: si_signo: 11 (SIGSEGV), si_code: 1 (SEGV_MAPERR), si_addr: 0x00007fcf00001fa0

Registers:
RAX=0x0000000084000000, RBX=0x000000000000004c, RCX=0x00007fcf00001fa0, RDX=0x0000000000000004
RSP=0x00007fcf844cc4b0, RBP=0x00007fcf844cc4f0, RSI=0x00007fcfb58ade00, RDI=0x0000000000000019
R8 =0x00007fcfb57dd030, R9 =0x000000000000001a, R10=0x00007fcfbbe358e0, R11=0x0000000000000019
R12=0x0000000000000000, R13=0x00007fcf859b03f5, R14=0x00007fcf844cc510, R15=0x00007fcfb5894000
RIP=0x00007fcfa5023c69, EFLAGS=0x0000000000010246, CSGSFS=0x002b000000000033, ERR=0x0000000000000004
  TRAPNO=0x000000000000000e

Top of Stack: (sp=0x00007fcf844cc4b0)
0x00007fcf844cc4b0:   00007fcf844cc4b0 00007fcf859b03f0
0x00007fcf844cc4c0:   00007fcf844cc510 00007fcf859b4e38
0x00007fcf844cc4d0:   0000000000000000 00007fcf859b0418
0x00007fcf844cc4e0:   0000000000000000 00007fcf844cc508
0x00007fcf844cc4f0:   00007fcf844cc570 00007fcfa50004e7
0x00007fcf844cc500:   00000000e357e0f0 00000000d44ee898
0x00007fcf844cc510:   00007fcf00001fa0 00007fcfb5894000
0x00007fcf844cc520:   00007fcf844cc750 00007fcf844cc610
0x00007fcf844cc530:   00007fcfb5894000 00007fcf859b0418
0x00007fcf844cc540:   00007fcf844cc610 00007fcf844cc738
0x00007fcf844cc550:   00007fcf0000000c 00007fcf859b0418
0x00007fcf844cc560:   00007fcfa5013340 00007fcf844cc758
0x00007fcf844cc570:   00007fcf844cc690 00007fcfbb55eeb3
0x00007fcf844cc580:   0000000000000001 00007fcfb5894000
0x00007fcf844cc590:   00007fcf8322e018 00000000ffffffff
0x00007fcf844cc5a0:   00007fcf844cc5d0 00007fcf0000000c
0x00007fcf844cc5b0:   00007fcf0000000c 00007fcfa5013340
0x00007fcf844cc5c0:   00007fcfb57bb880 00007fcf844cc730
0x00007fcf844cc5d0:   00007fcfb5894000 00007fcfb57a6ab0
0x00007fcf844cc5e0:   00007fcfb57bb7e0 00007fcfb57bb898
0x00007fcf844cc5f0:   00007fcfb57bb8c8 00000000000000d8
0x00007fcf844cc600:   00007fcf844cf7d0 00007fcfb5894000
0x00007fcf844cc610:   00007fcfb5894000 00007fcfb56152c0
0x00007fcf844cc620:   00007fcf859b0418 00000000d44ee898
0x00007fcf844cc630:   00007fcf844cc9a0 00007fcfa55d8737
0x00007fcf844cc640:   0000000000000000 00007fcf844cc730
0x00007fcf844cc650:   00007fcf844cc6f0 05a9b3746f2a1800
0x00007fcf844cc660:   0000000040a85be3 00007fcf844cc730
0x00007fcf844cc670:   00007fcf859b0418 00007fcfb58ade00
0x00007fcf844cc680:   00007fcfbbe1ba29 00007fcfb5894000
0x00007fcf844cc690:   00007fcf844cc880 00007fcfbb83c5e0
0x00007fcf844cc6a0:   00007fcf8322e018 00007fcfb5894000 

Instructions: (pc=0x00007fcfa5023c69)
0x00007fcfa5023c49:   ff 4c 8b 6d c8 4c 8b 75 d0 c3 41 0f b7 55 01 48
0x00007fcfa5023c59:   8b 4d d8 c1 e2 02 48 8b 5c d1 20 8b 44 d1 28 59
0x00007fcfa5023c69:   48 3b 01 c1 e8 1c 83 e0 0f 0f 85 13 00 00 00 0f
0x00007fcfa5023c79:   be 04 19 50 b9 cc 00 00 00 41 88 4d 00 e9 e9 00 

Register to memory mapping:

RAX=0x0000000084000000 is an unknown value
RBX=0x000000000000004c is an unknown value
RCX=0x00007fcf00001fa0 is an unknown value
RDX=0x0000000000000004 is an unknown value
RSP=0x00007fcf844cc4b0 is pointing into the stack for thread: 0x00007fcfb5894000
RBP=0x00007fcf844cc4f0 is pointing into the stack for thread: 0x00007fcfb5894000
RSI=0x00007fcfb58ade00 is an unknown value
RDI=0x0000000000000019 is an unknown value
R8 =0x00007fcfb57dd030 is an unknown value
R9 =0x000000000000001a is an unknown value
R10=0x00007fcfbbe358e0: <offset 0xf3e8e0> in /usr/lib/jvm/java-8-openjdk-amd64/jre/lib/amd64/server/libjvm.so at 0x00007fcfbaef7000
R11=0x0000000000000019 is an unknown value
R12=0x0000000000000000 is an unknown value
R13=0x00007fcf859b03f5 is pointing into metadata
R14=0x00007fcf844cc510 is pointing into the stack for thread: 0x00007fcfb5894000
R15=0x00007fcfb5894000 is a thread


Stack: [0x00007fcf843d7000,0x00007fcf844d8000],  sp=0x00007fcf844cc4b0,  free space=981k
Native frames: (J=compiled Java code, j=interpreted, Vv=VM code, C=native code)
j  com.enrol.Lecturer_$$_jvst521_0.isDirty(Ljava/lang/String;)Z+0
v  ~StubRoutines::call_stub
V  [libjvm.so+0x667eb3]
V  [libjvm.so+0x9455e0]
V  [libjvm.so+0x946e9b]
V  [libjvm.so+0x6b2359]  JVM_InvokeMethod+0x119
J 2202  sun.reflect.NativeMethodAccessorImpl.invoke0(Ljava/lang/reflect/Method;Ljava/lang/Object;[Ljava/lang/Object;)Ljava/lang/Object; (0 bytes) @ 0x00007fcfa55d87ad [0x00007fcfa55d86c0+0xed]
J 2201 C1 sun.reflect.NativeMethodAccessorImpl.invoke(Ljava/lang/Object;[Ljava/lang/Object;)Ljava/lang/Object; (104 bytes) @ 0x00007fcfa55d7e3f [0x00007fcfa55d7ae0+0x35f]
J 834 C1 sun.reflect.DelegatingMethodAccessorImpl.invoke(Ljava/lang/Object;[Ljava/lang/Object;)Ljava/lang/Object; (10 bytes) @ 0x00007fcfa53a2f3e [0x00007fcfa53a2f00+0x3e]
J 833 C1 java.lang.reflect.Method.invoke(Ljava/lang/Object;[Ljava/lang/Object;)Ljava/lang/Object; (62 bytes) @ 0x00007fcfa53a2b4a [0x00007fcfa53a2a60+0xea]
J 2020 C1 org.springsource.loaded.ri.ReflectiveInterceptor.jlrMethodInvoke(Ljava/lang/reflect/Method;Ljava/lang/Object;[Ljava/lang/Object;)Ljava/lang/Object; (2214 bytes) @ 0x00007fcfa557b32d [0x00007fcfa5579da0+0x158d]
J 3828 C1 org.codehaus.groovy.reflection.CachedMethod.invoke(Ljava/lang/Object;[Ljava/lang/Object;)Ljava/lang/Object; (70 bytes) @ 0x00007fcfa592abf4 [0x00007fcfa592abc0+0x34]
J 2041 C1 groovy.lang.MetaMethod.doMethodInvoke(Ljava/lang/Object;[Ljava/lang/Object;)Ljava/lang/Object; (22 bytes) @ 0x00007fcfa55941c8 [0x00007fcfa5594160+0x68]
J 4447 C1 org.codehaus.groovy.runtime.metaclass.MethodMetaProperty$GetBeanMethodMetaProperty.getProperty(Ljava/lang/Object;)Ljava/lang/Object; (12 bytes) @ 0x00007fcfa5a54bc8 [0x00007fcfa5a54b80+0x48]
j  org.codehaus.groovy.runtime.callsite.GetEffectivePogoPropertySite.getProperty(Ljava/lang/Object;)Ljava/lang/Object;+5
J 3857 C1 org.codehaus.groovy.runtime.callsite.AbstractCallSite.callGetProperty(Ljava/lang/Object;)Ljava/lang/Object; (12 bytes) @ 0x00007fcfa594011d [0x00007fcfa59400c0+0x5d]
j  grails.plugin.formfields.FormFieldsTagLib.displayAssociation(Ljava/lang/Object;Lorg/grails/datastore/mapping/model/PersistentEntity;)Ljava/lang/CharSequence;+93
j  sun.reflect.GeneratedMethodAccessor294.invoke(Ljava/lang/Object;[Ljava/lang/Object;)Ljava/lang/Object;+48
J 834 C1 sun.reflect.DelegatingMethodAccessorImpl.invoke(Ljava/lang/Object;[Ljava/lang/Object;)Ljava/lang/Object; (10 bytes) @ 0x00007fcfa53a2f3e [0x00007fcfa53a2f00+0x3e]
J 833 C1 java.lang.reflect.Method.invoke(Ljava/lang/Object;[Ljava/lang/Object;)Ljava/lang/Object; (62 bytes) @ 0x00007fcfa53a2b4a [0x00007fcfa53a2a60+0xea]
J 2020 C1 org.springsource.loaded.ri.ReflectiveInterceptor.jlrMethodInvoke(Ljava/lang/reflect/Method;Ljava/lang/Object;[Ljava/lang/Object;)Ljava/lang/Object; (2214 bytes) @ 0x00007fcfa557b461 [0x00007fcfa5579da0+0x16c1]
J 7036 C1 org.codehaus.groovy.runtime.callsite.PogoMetaMethodSite$PogoCachedMethodSiteNoUnwrapNoCoerce.invoke(Ljava/lang/Object;[Ljava/lang/Object;)Ljava/lang/Object; (37 bytes) @ 0x00007fcfa5ee8714 [0x00007fcfa5ee86e0+0x34]
J 7078 C1 org.codehaus.groovy.runtime.callsite.PogoMetaMethodSite.callCurrent(Lgroovy/lang/GroovyObject;[Ljava/lang/Object;)Ljava/lang/Object; (29 bytes) @ 0x00007fcfa5efb1b4 [0x00007fcfa5efb100+0xb4]
J 7078 C1 org.codehaus.groovy.runtime.callsite.PogoMetaMethodSite.callCurrent(Lgroovy/lang/GroovyObject;[Ljava/lang/Object;)Ljava/lang/Object; (29 bytes) @ 0x00007fcfa5efb207 [0x00007fcfa5efb100+0x107]
J 7381 C1 org.codehaus.groovy.runtime.callsite.AbstractCallSite.callCurrent(Lgroovy/lang/GroovyObject;Ljava/lang/Object;Ljava/lang/Object;)Ljava/lang/Object; (42 bytes) @ 0x00007fcfa5fb1bbe [0x00007fcfa5fb19e0+0x1de]
J 9211 C1 grails.plugin.formfields.FormFieldsTagLib.renderDefaultDisplay(Ljava/util/Map;Ljava/util/Map;Ljava/lang/String;Ljava/lang/String;)Ljava/lang/CharSequence; (625 bytes) @ 0x00007fcfa633f486 [0x00007fcfa633e5a0+0xee6]
J 9221 C1 sun.reflect.GeneratedMethodAccessor284.invoke(Ljava/lang/Object;[Ljava/lang/Object;)Ljava/lang/Object; (89 bytes) @ 0x00007fcfa6344aea [0x00007fcfa6344940+0x1aa]
J 834 C1 sun.reflect.DelegatingMethodAccessorImpl.invoke(Ljava/lang/Object;[Ljava/lang/Object;)Ljava/lang/Object; (10 bytes) @ 0x00007fcfa53a2f3e [0x00007fcfa53a2f00+0x3e]
J 833 C1 java.lang.reflect.Method.invoke(Ljava/lang/Object;[Ljava/lang/Object;)Ljava/lang/Object; (62 bytes) @ 0x00007fcfa53a2b4a [0x00007fcfa53a2a60+0xea]
J 2020 C1 org.springsource.loaded.ri.ReflectiveInterceptor.jlrMethodInvoke(Ljava/lang/reflect/Method;Ljava/lang/Object;[Ljava/lang/Object;)Ljava/lang/Object; (2214 bytes) @ 0x00007fcfa557b461 [0x00007fcfa5579da0+0x16c1]
J 7036 C1 org.codehaus.groovy.runtime.callsite.PogoMetaMethodSite$PogoCachedMethodSiteNoUnwrapNoCoerce.invoke(Ljava/lang/Object;[Ljava/lang/Object;)Ljava/lang/Object; (37 bytes) @ 0x00007fcfa5ee8714 [0x00007fcfa5ee86e0+0x34]
J 7078 C1 org.codehaus.groovy.runtime.callsite.PogoMetaMethodSite.callCurrent(Lgroovy/lang/GroovyObject;[Ljava/lang/Object;)Ljava/lang/Object; (29 bytes) @ 0x00007fcfa5efb1b4 [0x00007fcfa5efb100+0xb4]
J 7797 C1 org.codehaus.groovy.runtime.callsite.AbstractCallSite.callCurrent(Lgroovy/lang/GroovyObject;Ljava/lang/Object;Ljava/lang/Object;Ljava/lang/Object;Ljava/lang/Object;)Ljava/lang/Object; (50 bytes) @ 0x00007fcfa6056b4e [0x00007fcfa60568a0+0x2ae]
J 8169 C1 grails.plugin.formfields.FormFieldsTagLib.renderDisplayWidget(Lgrails/plugin/formfields/BeanPropertyAccessor;Ljava/util/Map;Ljava/util/Map;Ljava/lang/String;Ljava/lang/String;)Ljava/lang/CharSequence; (436 bytes) @ 0x00007fcfa6108653 [0x00007fcfa6107e60+0x7f3]
J 8184 C1 sun.reflect.GeneratedMethodAccessor241.invoke(Ljava/lang/Object;[Ljava/lang/Object;)Ljava/lang/Object; (97 bytes) @ 0x00007fcfa6112902 [0x00007fcfa6112700+0x202]
J 834 C1 sun.reflect.DelegatingMethodAccessorImpl.invoke(Ljava/lang/Object;[Ljava/lang/Object;)Ljava/lang/Object; (10 bytes) @ 0x00007fcfa53a2f3e [0x00007fcfa53a2f00+0x3e]
J 833 C1 java.lang.reflect.Method.invoke(Ljava/lang/Object;[Ljava/lang/Object;)Ljava/lang/Object; (62 bytes) @ 0x00007fcfa53a2b4a [0x00007fcfa53a2a60+0xea]
J 2020 C1 org.springsource.loaded.ri.ReflectiveInterceptor.jlrMethodInvoke(Ljava/lang/reflect/Method;Ljava/lang/Object;[Ljava/lang/Object;)Ljava/lang/Object; (2214 bytes) @ 0x00007fcfa557b461 [0x00007fcfa5579da0+0x16c1]
J 3828 C1 org.codehaus.groovy.reflection.CachedMethod.invoke(Ljava/lang/Object;[Ljava/lang/Object;)Ljava/lang/Object; (70 bytes) @ 0x00007fcfa592abf4 [0x00007fcfa592abc0+0x34]
J 2041 C1 groovy.lang.MetaMethod.doMethodInvoke(Ljava/lang/Object;[Ljava/lang/Object;)Ljava/lang/Object; (22 bytes) @ 0x00007fcfa55941c8 [0x00007fcfa5594160+0x68]
J 3805 C1 org.codehaus.groovy.runtime.metaclass.ClosureMetaClass.invokeMethod(Ljava/lang/Class;Ljava/lang/Object;Ljava/lang/String;[Ljava/lang/Object;ZZ)Ljava/lang/Object; (872 bytes) @ 0x00007fcfa591f389 [0x00007fcfa591e280+0x1109]
J 2019 C1 groovy.lang.MetaClassImpl.invokeMethod(Ljava/lang/Object;Ljava/lang/String;[Ljava/lang/Object;)Ljava/lang/Object; (14 bytes) @ 0x00007fcfa5578d1c [0x00007fcfa5578cc0+0x5c]
J 7358 C1 org.codehaus.groovy.runtime.callsite.PogoMetaClassSite.callCurrent(Lgroovy/lang/GroovyObject;[Ljava/lang/Object;)Ljava/lang/Object; (92 bytes) @ 0x00007fcfa5fa8281 [0x00007fcfa5fa8180+0x101]
J 8974 C1 grails.plugin.formfields.FormFieldsTagLib$_closure8.doCall(Ljava/lang/Object;Ljava/lang/Object;)Ljava/lang/Object; (1312 bytes) @ 0x00007fcfa62d9f32 [0x00007fcfa62d8200+0x1d32]
J 8984 C1 sun.reflect.GeneratedMethodAccessor267.invoke(Ljava/lang/Object;[Ljava/lang/Object;)Ljava/lang/Object; (73 bytes) @ 0x00007fcfa62e90b9 [0x00007fcfa62e9020+0x99]
J 834 C1 sun.reflect.DelegatingMethodAccessorImpl.invoke(Ljava/lang/Object;[Ljava/lang/Object;)Ljava/lang/Object; (10 bytes) @ 0x00007fcfa53a2f3e [0x00007fcfa53a2f00+0x3e]
J 833 C1 java.lang.reflect.Method.invoke(Ljava/lang/Object;[Ljava/lang/Object;)Ljava/lang/Object; (62 bytes) @ 0x00007fcfa53a2b4a [0x00007fcfa53a2a60+0xea]
J 2020 C1 org.springsource.loaded.ri.ReflectiveInterceptor.jlrMethodInvoke(Ljava/lang/reflect/Method;Ljava/lang/Object;[Ljava/lang/Object;)Ljava/lang/Object; (2214 bytes) @ 0x00007fcfa557b461 [0x00007fcfa5579da0+0x16c1]
J 3828 C1 org.codehaus.groovy.reflection.CachedMethod.invoke(Ljava/lang/Object;[Ljava/lang/Object;)Ljava/lang/Object; (70 bytes) @ 0x00007fcfa592abf4 [0x00007fcfa592abc0+0x34]
J 2041 C1 groovy.lang.MetaMethod.doMethodInvoke(Ljava/lang/Object;[Ljava/lang/Object;)Ljava/lang/Object; (22 bytes) @ 0x00007fcfa55941c8 [0x00007fcfa5594160+0x68]
J 3805 C1 org.codehaus.groovy.runtime.metaclass.ClosureMetaClass.invokeMethod(Ljava/lang/Class;Ljava/lang/Object;Ljava/lang/String;[Ljava/lang/Object;ZZ)Ljava/lang/Object; (872 bytes) @ 0x00007fcfa591f3ba [0x00007fcfa591e280+0x113a]
J 2019 C1 groovy.lang.MetaClassImpl.invokeMethod(Ljava/lang/Object;Ljava/lang/String;[Ljava/lang/Object;)Ljava/lang/Object; (14 bytes) @ 0x00007fcfa5578d1c [0x00007fcfa5578cc0+0x5c]
J 4535 C1 groovy.lang.Closure.call([Ljava/lang/Object;)Ljava/lang/Object; (30 bytes) @ 0x00007fcfa5a7f734 [0x00007fcfa5a7f6c0+0x74]
J 8743 C1 org.grails.gsp.GroovyPage.invokeTagLibClosure(Ljava/lang/String;Ljava/lang/String;Lgroovy/lang/Closure;Ljava/util/Map;Lgroovy/lang/Closure;ZLjava/util/Map;)V (239 bytes) @ 0x00007fcfa626d105 [0x00007fcfa626cae0+0x625]
J 8189 C1 org.grails.gsp.GroovyPage.invokeTag(Ljava/lang/String;Ljava/lang/String;ILjava/util/Map;I)V (791 bytes) @ 0x00007fcfa6116008 [0x00007fcfa6115640+0x9c8]
J 8761 C1 org.grails.gsp.GroovyPage$invokeTag$4.callCurrent(Lgroovy/lang/GroovyObject;[Ljava/lang/Object;)Ljava/lang/Object; (59 bytes) @ 0x00007fcfa6278c1b [0x00007fcfa62789c0+0x25b]
j  gsp_fields_templates__fields_table_gsp.run()Ljava/lang/Object;+799
j  org.grails.gsp.GroovyPageWritable.doWriteTo(Lorg/grails/taglib/encoder/OutputContext;Ljava/io/Writer;)Ljava/io/Writer;+373
j  org.grails.gsp.GroovyPageWritable.writeTo(Ljava/io/Writer;)Ljava/io/Writer;+13
j  org.grails.web.gsp.GroovyPagesTemplateRenderer.makeTemplate(Lorg/grails/web/servlet/mvc/GrailsWebRequest;Lgroovy/text/Template;Ljava/util/Map;Ljava/lang/Object;Ljava/io/Writer;)V+326
j  org.grails.web.gsp.GroovyPagesTemplateRenderer.render(Lorg/grails/web/servlet/mvc/GrailsWebRequest;Lorg/grails/taglib/TemplateVariableBinding;Ljava/util/Map;Ljava/lang/Object;Ljava/io/Writer;)V+162
j  org.grails.plugins.web.taglib.RenderTagLib$_closure7.doCall(Ljava/util/Map;Ljava/lang/Object;)Ljava/lang/Object;+74
v  ~StubRoutines::call_stub
V  [libjvm.so+0x667eb3]
V  [libjvm.so+0x9455e0]
V  [libjvm.so+0x946e9b]
V  [libjvm.so+0x6b2359]  JVM_InvokeMethod+0x119
J 2202  sun.reflect.NativeMethodAccessorImpl.invoke0(Ljava/lang/reflect/Method;Ljava/lang/Object;[Ljava/lang/Object;)Ljava/lang/Object; (0 bytes) @ 0x00007fcfa55d87ad [0x00007fcfa55d86c0+0xed]
J 2201 C1 sun.reflect.NativeMethodAccessorImpl.invoke(Ljava/lang/Object;[Ljava/lang/Object;)Ljava/lang/Object; (104 bytes) @ 0x00007fcfa55d7e3f [0x00007fcfa55d7ae0+0x35f]
J 834 C1 sun.reflect.DelegatingMethodAccessorImpl.invoke(Ljava/lang/Object;[Ljava/lang/Object;)Ljava/lang/Object; (10 bytes) @ 0x00007fcfa53a2f3e [0x00007fcfa53a2f00+0x3e]
J 833 C1 java.lang.reflect.Method.invoke(Ljava/lang/Object;[Ljava/lang/Object;)Ljava/lang/Object; (62 bytes) @ 0x00007fcfa53a2b4a [0x00007fcfa53a2a60+0xea]
J 2020 C1 org.springsource.loaded.ri.ReflectiveInterceptor.jlrMethodInvoke(Ljava/lang/reflect/Method;Ljava/lang/Object;[Ljava/lang/Object;)Ljava/lang/Object; (2214 bytes) @ 0x00007fcfa557b461 [0x00007fcfa5579da0+0x16c1]
J 3828 C1 org.codehaus.groovy.reflection.CachedMethod.invoke(Ljava/lang/Object;[Ljava/lang/Object;)Ljava/lang/Object; (70 bytes) @ 0x00007fcfa592abf4 [0x00007fcfa592abc0+0x34]
J 2041 C1 groovy.lang.MetaMethod.doMethodInvoke(Ljava/lang/Object;[Ljava/lang/Object;)Ljava/lang/Object; (22 bytes) @ 0x00007fcfa55941c8 [0x00007fcfa5594160+0x68]
J 3805 C1 org.codehaus.groovy.runtime.metaclass.ClosureMetaClass.invokeMethod(Ljava/lang/Class;Ljava/lang/Object;Ljava/lang/String;[Ljava/lang/Object;ZZ)Ljava/lang/Object; (872 bytes) @ 0x00007fcfa591f3ba [0x00007fcfa591e280+0x113a]
J 2019 C1 groovy.lang.MetaClassImpl.invokeMethod(Ljava/lang/Object;Ljava/lang/String;[Ljava/lang/Object;)Ljava/lang/Object; (14 bytes) @ 0x00007fcfa5578d1c [0x00007fcfa5578cc0+0x5c]
J 4535 C1 groovy.lang.Closure.call([Ljava/lang/Object;)Ljava/lang/Object; (30 bytes) @ 0x00007fcfa5a7f734 [0x00007fcfa5a7f6c0+0x74]
J 8013 C1 org.grails.taglib.TagOutput.captureTagOutput(Lorg/grails/taglib/TagLibraryLookup;Ljava/lang/String;Ljava/lang/String;Ljava/util/Map;Ljava/lang/Object;Lorg/grails/taglib/encoder/OutputContext;)Ljava/lang/Object; (558 bytes) @ 0x00007fcfa60bf63e [0x00007fcfa60be860+0xdde]
J 8178 C1 org.grails.taglib.TagLibraryMetaUtils$_registerMethodMissingForTags_closure3.doCall(Ljava/util/Map;)Ljava/lang/Object; (52 bytes) @ 0x00007fcfa610fe81 [0x00007fcfa610fd00+0x181]
J 8201 C1 sun.reflect.GeneratedMethodAccessor187.invoke(Ljava/lang/Object;[Ljava/lang/Object;)Ljava/lang/Object; (65 bytes) @ 0x00007fcfa61242ee [0x00007fcfa6124220+0xce]
J 834 C1 sun.reflect.DelegatingMethodAccessorImpl.invoke(Ljava/lang/Object;[Ljava/lang/Object;)Ljava/lang/Object; (10 bytes) @ 0x00007fcfa53a2f3e [0x00007fcfa53a2f00+0x3e]
J 833 C1 java.lang.reflect.Method.invoke(Ljava/lang/Object;[Ljava/lang/Object;)Ljava/lang/Object; (62 bytes) @ 0x00007fcfa53a2b4a [0x00007fcfa53a2a60+0xea]
J 2020 C1 org.springsource.loaded.ri.ReflectiveInterceptor.jlrMethodInvoke(Ljava/lang/reflect/Method;Ljava/lang/Object;[Ljava/lang/Object;)Ljava/lang/Object; (2214 bytes) @ 0x00007fcfa557b461 [0x00007fcfa5579da0+0x16c1]
J 3828 C1 org.codehaus.groovy.reflection.CachedMethod.invoke(Ljava/lang/Object;[Ljava/lang/Object;)Ljava/lang/Object; (70 bytes) @ 0x00007fcfa592abf4 [0x00007fcfa592abc0+0x34]
J 7647 C1 org.codehaus.groovy.runtime.metaclass.ClosureMetaMethod.invoke(Ljava/lang/Object;[Ljava/lang/Object;)Ljava/lang/Object; (32 bytes) @ 0x00007fcfa6012b60 [0x00007fcfa6012aa0+0xc0]
J 2041 C1 groovy.lang.MetaMethod.doMethodInvoke(Ljava/lang/Object;[Ljava/lang/Object;)Ljava/lang/Object; (22 bytes) @ 0x00007fcfa55941c8 [0x00007fcfa5594160+0x68]
J 3805 C1 org.codehaus.groovy.runtime.metaclass.ClosureMetaClass.invokeMethod(Ljava/lang/Class;Ljava/lang/Object;Ljava/lang/String;[Ljava/lang/Object;ZZ)Ljava/lang/Object; (872 bytes) @ 0x00007fcfa591f389 [0x00007fcfa591e280+0x1109]
J 2019 C1 groovy.lang.MetaClassImpl.invokeMethod(Ljava/lang/Object;Ljava/lang/String;[Ljava/lang/Object;)Ljava/lang/Object; (14 bytes) @ 0x00007fcfa5578d1c [0x00007fcfa5578cc0+0x5c]
J 7358 C1 org.codehaus.groovy.runtime.callsite.PogoMetaClassSite.callCurrent(Lgroovy/lang/GroovyObject;[Ljava/lang/Object;)Ljava/lang/Object; (92 bytes) @ 0x00007fcfa5fa8281 [0x00007fcfa5fa8180+0x101]
J 6974 C1 org.codehaus.groovy.runtime.callsite.AbstractCallSite.callCurrent(Lgroovy/lang/GroovyObject;Ljava/lang/Object;)Ljava/lang/Object; (37 bytes) @ 0x00007fcfa5ec609b [0x00007fcfa5ec5f20+0x17b]
j  grails.plugin.formfields.FormFieldsTagLib$_closure4.doCall(Ljava/lang/Object;Ljava/lang/Object;)Ljava/lang/Object;+492
v  ~StubRoutines::call_stub
V  [libjvm.so+0x667eb3]
V  [libjvm.so+0x9455e0]
V  [libjvm.so+0x946e9b]
V  [libjvm.so+0x6b2359]  JVM_InvokeMethod+0x119
J 2202  sun.reflect.NativeMethodAccessorImpl.invoke0(Ljava/lang/reflect/Method;Ljava/lang/Object;[Ljava/lang/Object;)Ljava/lang/Object; (0 bytes) @ 0x00007fcfa55d87ad [0x00007fcfa55d86c0+0xed]
J 2201 C1 sun.reflect.NativeMethodAccessorImpl.invoke(Ljava/lang/Object;[Ljava/lang/Object;)Ljava/lang/Object; (104 bytes) @ 0x00007fcfa55d7e3f [0x00007fcfa55d7ae0+0x35f]
J 834 C1 sun.reflect.DelegatingMethodAccessorImpl.invoke(Ljava/lang/Object;[Ljava/lang/Object;)Ljava/lang/Object; (10 bytes) @ 0x00007fcfa53a2f3e [0x00007fcfa53a2f00+0x3e]
J 833 C1 java.lang.reflect.Method.invoke(Ljava/lang/Object;[Ljava/lang/Object;)Ljava/lang/Object; (62 bytes) @ 0x00007fcfa53a2b4a [0x00007fcfa53a2a60+0xea]
...<more frames>...


---------------  P R O C E S S  ---------------

Java Threads: ( => current thread )
  0x00007fcfb4016800 JavaThread "DestroyJavaVM" [_thread_blocked, id=3611, stack(0x00007fcfbcb30000,0x00007fcfbcc31000)]
  0x00007fcfb58af800 JavaThread "Thread-6" daemon [_thread_blocked, id=3653, stack(0x00007fcf839cd000,0x00007fcf83ace000)]
  0x00007fcfb58ae800 JavaThread "Thread-8" [_thread_blocked, id=3652, stack(0x00007fcf83ace000,0x00007fcf83bcf000)]
  0x00007fcfb58ad000 JavaThread "Thread-7" daemon [_thread_in_native, id=3651, stack(0x00007fcf83bcf000,0x00007fcf83cd0000)]
  0x00007fcfb58a6000 JavaThread "http-nio-8080-AsyncTimeout" daemon [_thread_blocked, id=3650, stack(0x00007fcf83cd0000,0x00007fcf83dd1000)]
  0x00007fcfb58a5800 JavaThread "http-nio-8080-Acceptor-0" daemon [_thread_in_native, id=3649, stack(0x00007fcf83dd1000,0x00007fcf83ed2000)]
  0x00007fcfb58a4800 JavaThread "http-nio-8080-ClientPoller-0" daemon [_thread_in_native, id=3648, stack(0x00007fcf83ed2000,0x00007fcf83fd3000)]
  0x00007fcfb5897000 JavaThread "http-nio-8080-exec-10" daemon [_thread_blocked, id=3647, stack(0x00007fcf83fd3000,0x00007fcf840d4000)]
  0x00007fcfb5896000 JavaThread "http-nio-8080-exec-9" daemon [_thread_blocked, id=3646, stack(0x00007fcf840d4000,0x00007fcf841d5000)]
  0x00007fcfb5895800 JavaThread "http-nio-8080-exec-8" daemon [_thread_blocked, id=3645, stack(0x00007fcf841d5000,0x00007fcf842d6000)]
  0x00007fcfb5895000 JavaThread "http-nio-8080-exec-7" daemon [_thread_blocked, id=3644, stack(0x00007fcf842d6000,0x00007fcf843d7000)]
=>0x00007fcfb5894000 JavaThread "http-nio-8080-exec-6" daemon [_thread_in_Java, id=3643, stack(0x00007fcf843d7000,0x00007fcf844d8000)]
  0x00007fcfb5893800 JavaThread "http-nio-8080-exec-5" daemon [_thread_blocked, id=3642, stack(0x00007fcf844d8000,0x00007fcf845d9000)]
  0x00007fcfb5892800 JavaThread "http-nio-8080-exec-4" daemon [_thread_blocked, id=3641, stack(0x00007fcf845d9000,0x00007fcf846da000)]
  0x00007fcfb5892000 JavaThread "http-nio-8080-exec-3" daemon [_thread_blocked, id=3640, stack(0x00007fcf846da000,0x00007fcf847db000)]
  0x00007fcfb5891000 JavaThread "http-nio-8080-exec-2" daemon [_thread_blocked, id=3639, stack(0x00007fcf847db000,0x00007fcf848dc000)]
  0x00007fcfb5882000 JavaThread "http-nio-8080-exec-1" daemon [_thread_blocked, id=3638, stack(0x00007fcf848dc000,0x00007fcf849dd000)]
  0x00007fcfb587c800 JavaThread "NioBlockingSelector.BlockPoller-1" daemon [_thread_in_native, id=3637, stack(0x00007fcf849dd000,0x00007fcf84ade000)]
  0x00007fcfb5708800 JavaThread "container-0" [_thread_blocked, id=3635, stack(0x00007fcf84ede000,0x00007fcf84fdf000)]
  0x00007fcfb5705800 JavaThread "ContainerBackgroundProcessor[StandardEngine[Tomcat]]" daemon [_thread_blocked, id=3634, stack(0x00007fcf84fdf000,0x00007fcf850e0000)]
  0x00007fcfb51ae800 JavaThread "Abandoned connection cleanup thread" daemon [_thread_blocked, id=3629, stack(0x00007fcf872f5000,0x00007fcf873f6000)]
  0x00007fcfb5194800 JavaThread "Tomcat JDBC Pool Cleaner[414493378:1551807749876]" daemon [_thread_blocked, id=3628, stack(0x00007fcfa4094000,0x00007fcfa4195000)]
  0x00007fcfb479a000 JavaThread "FileSystemWatcher: files=#20 cl=sun.misc.Launcher$AppClassLoader@18b4aac2" daemon [_thread_blocked, id=3624, stack(0x00007fcfa43ae000,0x00007fcfa44af000)]
  0x00007fcfb4743000 JavaThread "Service Thread" daemon [_thread_blocked, id=3622, stack(0x00007fcfa45c3000,0x00007fcfa46c4000)]
  0x00007fcfb472f800 JavaThread "C1 CompilerThread2" daemon [_thread_blocked, id=3621, stack(0x00007fcfa46c4000,0x00007fcfa47c5000)]
  0x00007fcfb4739000 JavaThread "C2 CompilerThread1" daemon [_thread_blocked, id=3620, stack(0x00007fcfa47c5000,0x00007fcfa48c6000)]
  0x00007fcfb4738000 JavaThread "C2 CompilerThread0" daemon [_thread_blocked, id=3619, stack(0x00007fcfa48c6000,0x00007fcfa49c7000)]
  0x00007fcfb40e1000 JavaThread "Signal Dispatcher" daemon [_thread_blocked, id=3618, stack(0x00007fcfa4d64000,0x00007fcfa4e65000)]
  0x00007fcfb40ae000 JavaThread "Finalizer" daemon [_thread_blocked, id=3617, stack(0x00007fcfb805c000,0x00007fcfb815d000)]
  0x00007fcfb40ab800 JavaThread "Reference Handler" daemon [_thread_blocked, id=3616, stack(0x00007fcfb815d000,0x00007fcfb825e000)]

Other Threads:
  0x00007fcfb40a2000 VMThread [stack: 0x00007fcfb825e000,0x00007fcfb835f000] [id=3615]
  0x00007fcfb4745800 WatcherThread [stack: 0x00007fcfa44c2000,0x00007fcfa45c3000] [id=3623]

VM state:not at safepoint (normal execution)

VM Mutex/Monitor currently owned by a thread: None

Heap:
 def new generation   total 235968K, used 132169K [0x00000000d0000000, 0x00000000e0000000, 0x00000000e0000000)
  eden space 209792K,  55% used [0x00000000d0000000, 0x00000000d718bea0, 0x00000000dcce0000)
  from space 26176K,  60% used [0x00000000dcce0000, 0x00000000ddc665a8, 0x00000000de670000)
  to   space 26176K,   0% used [0x00000000de670000, 0x00000000de670000, 0x00000000e0000000)
 tenured generation   total 524288K, used 100767K [0x00000000e0000000, 0x0000000100000000, 0x0000000100000000)
   the space 524288K,  19% used [0x00000000e0000000, 0x00000000e6267f90, 0x00000000e6268000, 0x0000000100000000)
 Metaspace       used 67596K, capacity 71088K, committed 71296K, reserved 1112064K
  class space    used 8595K, capacity 9543K, committed 9600K, reserved 1048576K

Card table byte_map: [0x00007fcfb8e7d000,0x00007fcfb8ffe000] byte_map_base: 0x00007fcfb87fd000

Polling page: 0x00007fcfbcc4a000

CodeCache: size=245760Kb used=22332Kb max_used=22332Kb free=223427Kb
 bounds [0x00007fcfa5000000, 0x00007fcfa65e0000, 0x00007fcfb4000000]
 total_blobs=11031 nmethods=10229 adapters=714
 compilation: enabled

Compilation events (10 events):
Event: 1036.738 Thread 0x00007fcfb472f800 10409       1       org.grails.web.mapping.CachingLinkGenerator::link (67 bytes)
Event: 1036.738 Thread 0x00007fcfb472f800 nmethod 10409 0x00007fcfa65d1490 code [0x00007fcfa65d1640, 0x00007fcfa65d1898]
Event: 1036.738 Thread 0x00007fcfb472f800 10410       1       org.grails.web.mapping.CachingLinkGenerator::isCacheable (84 bytes)
Event: 1036.738 Thread 0x00007fcfb472f800 nmethod 10410 0x00007fcfa65d1a10 code [0x00007fcfa65d1be0, 0x00007fcfa65d1f48]
Event: 1036.738 Thread 0x00007fcfb472f800 10411       1       org.grails.plugins.web.taglib.ApplicationTagLib::processedUrl (42 bytes)
Event: 1036.739 Thread 0x00007fcfb472f800 nmethod 10411 0x00007fcfa65d2090 code [0x00007fcfa65d2220, 0x00007fcfa65d2470]
Event: 1036.741 Thread 0x00007fcfb472f800 10412   !   1       grails.web.api.ServletAttributes$Trait$Helper$getResponse$0::call (31 bytes)
Event: 1036.741 Thread 0x00007fcfb472f800 nmethod 10412 0x00007fcfa65d2610 code [0x00007fcfa65d27c0, 0x00007fcfa65d2a18]
Event: 1036.761 Thread 0x00007fcfb472f800 10413       1       org.springsource.loaded.CurrentLiveVersion::getReloadableMethod (71 bytes)
Event: 1036.762 Thread 0x00007fcfb472f800 nmethod 10413 0x00007fcfa65d2c50 code [0x00007fcfa65d2de0, 0x00007fcfa65d2fd0]

GC Heap History (10 events):
Event: 36.146 GC heap before
{Heap before GC invocations=22 (full 3):
 def new generation   total 235968K, used 215174K [0x00000000d0000000, 0x00000000e0000000, 0x00000000e0000000)
  eden space 209792K, 100% used [0x00000000d0000000, 0x00000000dcce0000, 0x00000000dcce0000)
  from space 26176K,  20% used [0x00000000de670000, 0x00000000debb18a8, 0x00000000e0000000)
  to   space 26176K,   0% used [0x00000000dcce0000, 0x00000000dcce0000, 0x00000000de670000)
 tenured generation   total 524288K, used 86740K [0x00000000e0000000, 0x0000000100000000, 0x0000000100000000)
   the space 524288K,  16% used [0x00000000e0000000, 0x00000000e54b50e0, 0x00000000e54b5200, 0x0000000100000000)
 Metaspace       used 61934K, capacity 63836K, committed 64128K, reserved 1105920K
  class space    used 7797K, capacity 8459K, committed 8576K, reserved 1048576K
Event: 36.207 GC heap after
Heap after GC invocations=23 (full 3):
 def new generation   total 235968K, used 10309K [0x00000000d0000000, 0x00000000e0000000, 0x00000000e0000000)
  eden space 209792K,   0% used [0x00000000d0000000, 0x00000000d0000000, 0x00000000dcce0000)
  from space 26176K,  39% used [0x00000000dcce0000, 0x00000000dd6f1508, 0x00000000de670000)
  to   space 26176K,   0% used [0x00000000de670000, 0x00000000de670000, 0x00000000e0000000)
 tenured generation   total 524288K, used 86740K [0x00000000e0000000, 0x0000000100000000, 0x0000000100000000)
   the space 524288K,  16% used [0x00000000e0000000, 0x00000000e54b50e0, 0x00000000e54b5200, 0x0000000100000000)
 Metaspace       used 61934K, capacity 63836K, committed 64128K, reserved 1105920K
  class space    used 7797K, capacity 8459K, committed 8576K, reserved 1048576K
}
Event: 38.391 GC heap before
{Heap before GC invocations=23 (full 3):
 def new generation   total 235968K, used 220101K [0x00000000d0000000, 0x00000000e0000000, 0x00000000e0000000)
  eden space 209792K, 100% used [0x00000000d0000000, 0x00000000dcce0000, 0x00000000dcce0000)
  from space 26176K,  39% used [0x00000000dcce0000, 0x00000000dd6f1508, 0x00000000de670000)
  to   space 26176K,   0% used [0x00000000de670000, 0x00000000de670000, 0x00000000e0000000)
 tenured generation   total 524288K, used 86740K [0x00000000e0000000, 0x0000000100000000, 0x0000000100000000)
   the space 524288K,  16% used [0x00000000e0000000, 0x00000000e54b50e0, 0x00000000e54b5200, 0x0000000100000000)
 Metaspace       used 63622K, capacity 65640K, committed 65920K, reserved 1105920K
  class space    used 8078K, capacity 8777K, committed 8832K, reserved 1048576K
Event: 38.481 GC heap after
Heap after GC invocations=24 (full 3):
 def new generation   total 235968K, used 15514K [0x00000000d0000000, 0x00000000e0000000, 0x00000000e0000000)
  eden space 209792K,   0% used [0x00000000d0000000, 0x00000000d0000000, 0x00000000dcce0000)
  from space 26176K,  59% used [0x00000000de670000, 0x00000000df5969b8, 0x00000000e0000000)
  to   space 26176K,   0% used [0x00000000dcce0000, 0x00000000dcce0000, 0x00000000de670000)
 tenured generation   total 524288K, used 86740K [0x00000000e0000000, 0x0000000100000000, 0x0000000100000000)
   the space 524288K,  16% used [0x00000000e0000000, 0x00000000e54b50e0, 0x00000000e54b5200, 0x0000000100000000)
 Metaspace       used 63622K, capacity 65640K, committed 65920K, reserved 1105920K
  class space    used 8078K, capacity 8777K, committed 8832K, reserved 1048576K
}
Event: 65.404 GC heap before
{Heap before GC invocations=24 (full 3):
 def new generation   total 235968K, used 225074K [0x00000000d0000000, 0x00000000e0000000, 0x00000000e0000000)
  eden space 209792K,  99% used [0x00000000d0000000, 0x00000000dcca6178, 0x00000000dcce0000)
  from space 26176K,  59% used [0x00000000de670000, 0x00000000df5969b8, 0x00000000e0000000)
  to   space 26176K,   0% used [0x00000000dcce0000, 0x00000000dcce0000, 0x00000000de670000)
 tenured generation   total 524288K, used 86740K [0x00000000e0000000, 0x0000000100000000, 0x0000000100000000)
   the space 524288K,  16% used [0x00000000e0000000, 0x00000000e54b50e0, 0x00000000e54b5200, 0x0000000100000000)
 Metaspace       used 64646K, capacity 67738K, committed 67840K, reserved 1107968K
  class space    used 8315K, capacity 9210K, committed 9216K, reserved 1048576K
Event: 65.582 GC heap after
Heap after GC invocations=25 (full 3):
 def new generation   total 235968K, used 15347K [0x00000000d0000000, 0x00000000e0000000, 0x00000000e0000000)
  eden space 209792K,   0% used [0x00000000d0000000, 0x00000000d0000000, 0x00000000dcce0000)
  from space 26176K,  58% used [0x00000000dcce0000, 0x00000000ddbdced0, 0x00000000de670000)
  to   space 26176K,   0% used [0x00000000de670000, 0x00000000de670000, 0x00000000e0000000)
 tenured generation   total 524288K, used 90048K [0x00000000e0000000, 0x0000000100000000, 0x0000000100000000)
   the space 524288K,  17% used [0x00000000e0000000, 0x00000000e57f0318, 0x00000000e57f0400, 0x0000000100000000)
 Metaspace       used 64646K, capacity 67738K, committed 67840K, reserved 1107968K
  class space    used 8315K, capacity 9210K, committed 9216K, reserved 1048576K
}
Event: 326.111 GC heap before
{Heap before GC invocations=25 (full 3):
 def new generation   total 235968K, used 225139K [0x00000000d0000000, 0x00000000e0000000, 0x00000000e0000000)
  eden space 209792K, 100% used [0x00000000d0000000, 0x00000000dcce0000, 0x00000000dcce0000)
  from space 26176K,  58% used [0x00000000dcce0000, 0x00000000ddbdced0, 0x00000000de670000)
  to   space 26176K,   0% used [0x00000000de670000, 0x00000000de670000, 0x00000000e0000000)
 tenured generation   total 524288K, used 90048K [0x00000000e0000000, 0x0000000100000000, 0x0000000100000000)
   the space 524288K,  17% used [0x00000000e0000000, 0x00000000e57f0318, 0x00000000e57f0400, 0x0000000100000000)
 Metaspace       used 65415K, capacity 68644K, committed 68736K, reserved 1107968K
  class space    used 8429K, capacity 9326K, committed 9344K, reserved 1048576K
Event: 326.146 GC heap after
Heap after GC invocations=26 (full 3):
 def new generation   total 235968K, used 13258K [0x00000000d0000000, 0x00000000e0000000, 0x00000000e0000000)
  eden space 209792K,   0% used [0x00000000d0000000, 0x00000000d0000000, 0x00000000dcce0000)
  from space 26176K,  50% used [0x00000000de670000, 0x00000000df362870, 0x00000000e0000000)
  to   space 26176K,   0% used [0x00000000dcce0000, 0x00000000dcce0000, 0x00000000de670000)
 tenured generation   total 524288K, used 96109K [0x00000000e0000000, 0x0000000100000000, 0x0000000100000000)
   the space 524288K,  18% used [0x00000000e0000000, 0x00000000e5ddb408, 0x00000000e5ddb600, 0x0000000100000000)
 Metaspace       used 65415K, capacity 68644K, committed 68736K, reserved 1107968K
  class space    used 8429K, capacity 9326K, committed 9344K, reserved 1048576K
}
Event: 606.893 GC heap before
{Heap before GC invocations=26 (full 3):
 def new generation   total 235968K, used 223050K [0x00000000d0000000, 0x00000000e0000000, 0x00000000e0000000)
  eden space 209792K, 100% used [0x00000000d0000000, 0x00000000dcce0000, 0x00000000dcce0000)
  from space 26176K,  50% used [0x00000000de670000, 0x00000000df362870, 0x00000000e0000000)
  to   space 26176K,   0% used [0x00000000dcce0000, 0x00000000dcce0000, 0x00000000de670000)
 tenured generation   total 524288K, used 96109K [0x00000000e0000000, 0x0000000100000000, 0x0000000100000000)
   the space 524288K,  18% used [0x00000000e0000000, 0x00000000e5ddb408, 0x00000000e5ddb600, 0x0000000100000000)
 Metaspace       used 67306K, capacity 70724K, committed 71040K, reserved 1110016K
  class space    used 8563K, capacity 9484K, committed 9600K, reserved 1048576K
Event: 606.954 GC heap after
Heap after GC invocations=27 (full 3):
 def new generation   total 235968K, used 15897K [0x00000000d0000000, 0x00000000e0000000, 0x00000000e0000000)
  eden space 209792K,   0% used [0x00000000d0000000, 0x00000000d0000000, 0x00000000dcce0000)
  from space 26176K,  60% used [0x00000000dcce0000, 0x00000000ddc665a8, 0x00000000de670000)
  to   space 26176K,   0% used [0x00000000de670000, 0x00000000de670000, 0x00000000e0000000)
 tenured generation   total 524288K, used 100767K [0x00000000e0000000, 0x0000000100000000, 0x0000000100000000)
   the space 524288K,  19% used [0x00000000e0000000, 0x00000000e6267f90, 0x00000000e6268000, 0x0000000100000000)
 Metaspace       used 67306K, capacity 70724K, committed 71040K, reserved 1110016K
  class space    used 8563K, capacity 9484K, committed 9600K, reserved 1048576K
}

Deoptimization events (0 events):
No events

Classes redefined (0 events):
No events

Internal exceptions (10 events):
Event: 1036.706 Thread 0x00007fcfb5894000 Exception <a 'java/lang/ClassCastException'> (0x00000000d6e6cc10) thrown at [/build/openjdk-8-8u181-b13/src/hotspot/src/share/vm/runtime/sharedRuntime.cpp, line 605]
Event: 1036.714 Thread 0x00007fcfb5894000 Exception <a 'java/lang/ClassNotFoundException': org/grails/datastore/gorm/GormEntityCustomizer> (0x00000000d6f00690) thrown at [/build/openjdk-8-8u181-b13/src/hotspot/src/share/vm/classfile/systemDictionary.cpp, line 210]
Event: 1036.714 Thread 0x00007fcfb5894000 Exception <a 'java/lang/ClassNotFoundException': org/grails/datastore/mapping/dirty/checking/DirtyCheckableCustomizer> (0x00000000d6f40d78) thrown at [/build/openjdk-8-8u181-b13/src/hotspot/src/share/vm/classfile/systemDictionary.cpp, line 210]
Event: 1036.715 Thread 0x00007fcfb5894000 Exception <a 'java/lang/ClassNotFoundException': grails/artefact/DomainClassCustomizer> (0x00000000d6f6b230) thrown at [/build/openjdk-8-8u181-b13/src/hotspot/src/share/vm/classfile/systemDictionary.cpp, line 210]
Event: 1036.715 Thread 0x00007fcfb5894000 Exception <a 'java/lang/ClassNotFoundException': grails/web/databinding/WebDataBindingCustomizer> (0x00000000d6f95968) thrown at [/build/openjdk-8-8u181-b13/src/hotspot/src/share/vm/classfile/systemDictionary.cpp, line 210]
Event: 1036.720 Thread 0x00007fcfb5894000 Exception <a 'java/lang/ClassNotFoundException': grails/gorm/EntityCustomizer> (0x00000000d6fb8f90) thrown at [/build/openjdk-8-8u181-b13/src/hotspot/src/share/vm/classfile/systemDictionary.cpp, line 210]
Event: 1036.721 Thread 0x00007fcfb5894000 Exception <a 'java/lang/ClassNotFoundException': org/grails/datastore/mapping/dirty/checking/DirtyCheckable$Trait$FieldHelperCustomizer> (0x00000000d6ff72f0) thrown at [/build/openjdk-8-8u181-b13/src/hotspot/src/share/vm/classfile/systemDictionary.cpp, li
Event: 1036.721 Thread 0x00007fcfb5894000 Exception <a 'java/lang/ClassNotFoundException': org/grails/datastore/gorm/GormValidateable$Trait$FieldHelperCustomizer> (0x00000000d702fd40) thrown at [/build/openjdk-8-8u181-b13/src/hotspot/src/share/vm/classfile/systemDictionary.cpp, line 210]
Event: 1036.722 Thread 0x00007fcfb5894000 Exception <a 'java/lang/ClassNotFoundException': groovy/lang/GroovyObjectCustomizer> (0x00000000d70555a0) thrown at [/build/openjdk-8-8u181-b13/src/hotspot/src/share/vm/classfile/systemDictionary.cpp, line 210]
Event: 1036.747 Thread 0x00007fcfb5894000 Exception <a 'java/lang/ClassCastException'> (0x00000000d70adf08) thrown at [/build/openjdk-8-8u181-b13/src/hotspot/src/share/vm/runtime/sharedRuntime.cpp, line 605]

Events (10 events):
Event: 1036.721 loading class org/grails/datastore/gorm/GormValidateable$Trait$FieldHelperCustomizer
Event: 1036.721 loading class org/grails/datastore/gorm/GormValidateable$Trait$FieldHelperCustomizer done
Event: 1036.721 loading class org/grails/datastore/gorm/GormValidateable$Trait$FieldHelperCustomizer
Event: 1036.721 loading class org/grails/datastore/gorm/GormValidateable$Trait$FieldHelperCustomizer done
Event: 1036.721 loading class groovy/lang/GroovyObjectCustomizer
Event: 1036.721 loading class groovy/lang/GroovyObjectCustomizer done
Event: 1036.721 loading class groovy/lang/GroovyObjectCustomizer
Event: 1036.721 loading class groovy/lang/GroovyObjectCustomizer done
Event: 1036.721 loading class groovy/lang/GroovyObjectCustomizer
Event: 1036.721 loading class groovy/lang/GroovyObjectCustomizer done


Dynamic libraries:
d0000000-100960000 rw-p 00000000 00:00 0 
100960000-140000000 ---p 00000000 00:00 0 
558e09b23000-558e09b24000 r-xp 00000000 08:01 8614                       /usr/lib/jvm/java-8-openjdk-amd64/jre/bin/java
558e09d23000-558e09d24000 r--p 00000000 08:01 8614                       /usr/lib/jvm/java-8-openjdk-amd64/jre/bin/java
558e09d24000-558e09d25000 rw-p 00001000 08:01 8614                       /usr/lib/jvm/java-8-openjdk-amd64/jre/bin/java
558e0bbc3000-558e0bc06000 rw-p 00000000 00:00 0                          [heap]
7fcf82fcd000-7fcf8300d000 rw-p 00000000 00:00 0 
7fcf8300d000-7fcf831cd000 ---p 00000000 00:00 0 
7fcf831cd000-7fcf833cd000 rw-p 00000000 00:00 0 
7fcf833cd000-7fcf835cd000 rw-p 00000000 00:00 0 
7fcf835cd000-7fcf837cd000 rw-p 00000000 00:00 0 
7fcf837cd000-7fcf839cd000 rw-p 00000000 00:00 0 
7fcf839cd000-7fcf839d0000 ---p 00000000 00:00 0 
7fcf839d0000-7fcf83ace000 rw-p 00000000 00:00 0 
7fcf83ace000-7fcf83ad1000 ---p 00000000 00:00 0 
7fcf83ad1000-7fcf83bcf000 rw-p 00000000 00:00 0 
7fcf83bcf000-7fcf83bd2000 ---p 00000000 00:00 0 
7fcf83bd2000-7fcf83cd0000 rw-p 00000000 00:00 0 
7fcf83cd0000-7fcf83cd3000 ---p 00000000 00:00 0 
7fcf83cd3000-7fcf83dd1000 rw-p 00000000 00:00 0 
7fcf83dd1000-7fcf83dd4000 ---p 00000000 00:00 0 
7fcf83dd4000-7fcf83ed2000 rw-p 00000000 00:00 0 
7fcf83ed2000-7fcf83ed5000 ---p 00000000 00:00 0 
7fcf83ed5000-7fcf83fd3000 rw-p 00000000 00:00 0 
7fcf83fd3000-7fcf83fd6000 ---p 00000000 00:00 0 
7fcf83fd6000-7fcf840d4000 rw-p 00000000 00:00 0 
7fcf840d4000-7fcf840d7000 ---p 00000000 00:00 0 
7fcf840d7000-7fcf841d5000 rw-p 00000000 00:00 0 
7fcf841d5000-7fcf841d8000 ---p 00000000 00:00 0 
7fcf841d8000-7fcf842d6000 rw-p 00000000 00:00 0 
7fcf842d6000-7fcf842d9000 ---p 00000000 00:00 0 
7fcf842d9000-7fcf843d7000 rw-p 00000000 00:00 0 
7fcf843d7000-7fcf843da000 ---p 00000000 00:00 0 
7fcf843da000-7fcf844d8000 rw-p 00000000 00:00 0 
7fcf844d8000-7fcf844db000 ---p 00000000 00:00 0 
7fcf844db000-7fcf845d9000 rw-p 00000000 00:00 0 
7fcf845d9000-7fcf845dc000 ---p 00000000 00:00 0 
7fcf845dc000-7fcf846da000 rw-p 00000000 00:00 0 
7fcf846da000-7fcf846dd000 ---p 00000000 00:00 0 
7fcf846dd000-7fcf847db000 rw-p 00000000 00:00 0 
7fcf847db000-7fcf847de000 ---p 00000000 00:00 0 
7fcf847de000-7fcf848dc000 rw-p 00000000 00:00 0 
7fcf848dc000-7fcf848df000 ---p 00000000 00:00 0 
7fcf848df000-7fcf849dd000 rw-p 00000000 00:00 0 
7fcf849dd000-7fcf849e0000 ---p 00000000 00:00 0 
7fcf849e0000-7fcf84ade000 rw-p 00000000 00:00 0 
7fcf84ade000-7fcf84cde000 rw-p 00000000 00:00 0 
7fcf84cde000-7fcf84ede000 rw-p 00000000 00:00 0 
7fcf84ede000-7fcf84ee1000 ---p 00000000 00:00 0 
7fcf84ee1000-7fcf84fdf000 rw-p 00000000 00:00 0 
7fcf84fdf000-7fcf84fe2000 ---p 00000000 00:00 0 
7fcf84fe2000-7fcf850e0000 rw-p 00000000 00:00 0 
7fcf850e0000-7fcf852e0000 rw-p 00000000 00:00 0 
7fcf852e0000-7fcf852e3000 ---p 00000000 00:00 0 
7fcf852e3000-7fcf853e1000 rw-p 00000000 00:00 0 
7fcf853e1000-7fcf853e4000 ---p 00000000 00:00 0 
7fcf853e4000-7fcf854e2000 rw-p 00000000 00:00 0 
7fcf854e2000-7fcf856e2000 rw-p 00000000 00:00 0 
7fcf856e2000-7fcf858e2000 rw-p 00000000 00:00 0 
7fcf858e2000-7fcf85ae2000 rw-p 00000000 00:00 0 
7fcf85ae2000-7fcf85ce2000 rw-p 00000000 00:00 0 
7fcf85ce2000-7fcf85ee2000 rw-p 00000000 00:00 0 
7fcf85ee2000-7fcf860e2000 rw-p 00000000 00:00 0 
7fcf860e2000-7fcf862e2000 rw-p 00000000 00:00 0 
7fcf862e2000-7fcf864e2000 rw-p 00000000 00:00 0 
7fcf864e2000-7fcf866e2000 rw-p 00000000 00:00 0 
7fcf866e2000-7fcf868e2000 rw-p 00000000 00:00 0 
7fcf868e2000-7fcf86ae2000 rw-p 00000000 00:00 0 
7fcf86ae2000-7fcf86ce2000 rw-p 00000000 00:00 0 
7fcf86ce2000-7fcf86cf3000 r-xp 00000000 08:01 8653                       /usr/lib/jvm/java-8-openjdk-amd64/jre/lib/amd64/libnio.so
7fcf86cf3000-7fcf86ef3000 ---p 00011000 08:01 8653                       /usr/lib/jvm/java-8-openjdk-amd64/jre/lib/amd64/libnio.so
7fcf86ef3000-7fcf86ef4000 r--p 00011000 08:01 8653                       /usr/lib/jvm/java-8-openjdk-amd64/jre/lib/amd64/libnio.so
7fcf86ef4000-7fcf86ef5000 rw-p 00012000 08:01 8653                       /usr/lib/jvm/java-8-openjdk-amd64/jre/lib/amd64/libnio.so
7fcf86ef5000-7fcf870f5000 rw-p 00000000 00:00 0 
7fcf870f5000-7fcf872f5000 rw-p 00000000 00:00 0 
7fcf872f5000-7fcf872f8000 ---p 00000000 00:00 0 
7fcf872f8000-7fcf873f6000 rw-p 00000000 00:00 0 
7fcf873f6000-7fcf875f6000 rw-p 00000000 00:00 0 
7fcf875f6000-7fcf875ff000 r-xp 00000000 08:01 8650                       /usr/lib/jvm/java-8-openjdk-amd64/jre/lib/amd64/libmanagement.so
7fcf875ff000-7fcf877fe000 ---p 00009000 08:01 8650                       /usr/lib/jvm/java-8-openjdk-amd64/jre/lib/amd64/libmanagement.so
7fcf877fe000-7fcf877ff000 r--p 00008000 08:01 8650                       /usr/lib/jvm/java-8-openjdk-amd64/jre/lib/amd64/libmanagement.so
7fcf877ff000-7fcf87800000 rw-p 00009000 08:01 8650                       /usr/lib/jvm/java-8-openjdk-amd64/jre/lib/amd64/libmanagement.so
7fcf87800000-7fcf87a00000 rw-p 00000000 00:00 0 
7fcf87a00000-7fcf87c00000 rw-p 00000000 00:00 0 
7fcf87c00000-7fcf87e00000 rw-p 00000000 00:00 0 
7fcf87e00000-7fcf88000000 rw-p 00000000 00:00 0 
7fcf88000000-7fcf8804c000 rw-p 00000000 00:00 0 
7fcf8804c000-7fcf8c000000 ---p 00000000 00:00 0 
7fcf8c000000-7fcf8cfd2000 rw-p 00000000 00:00 0 
7fcf8cfd2000-7fcf90000000 ---p 00000000 00:00 0 
7fcf90000000-7fcf90021000 rw-p 00000000 00:00 0 
7fcf90021000-7fcf94000000 ---p 00000000 00:00 0 
7fcf94000000-7fcf94239000 rw-p 00000000 00:00 0 
7fcf94239000-7fcf98000000 ---p 00000000 00:00 0 
7fcf98000000-7fcf98028000 rw-p 00000000 00:00 0 
7fcf98028000-7fcf9c000000 ---p 00000000 00:00 0 
7fcf9c000000-7fcf9c021000 rw-p 00000000 00:00 0 
7fcf9c021000-7fcfa0000000 ---p 00000000 00:00 0 
7fcfa0000000-7fcfa00f1000 rw-p 00000000 00:00 0 
7fcfa00f1000-7fcfa4000000 ---p 00000000 00:00 0 
7fcfa408a000-7fcfa408f000 r--s 002f9000 08:01 8664                       /usr/lib/jvm/java-8-openjdk-amd64/jre/lib/charsets.jar
7fcfa408f000-7fcfa4094000 r--s 0009d000 08:01 8697                       /usr/lib/jvm/java-8-openjdk-amd64/jre/lib/jsse.jar
7fcfa4094000-7fcfa4097000 ---p 00000000 00:00 0 
7fcfa4097000-7fcfa4195000 rw-p 00000000 00:00 0 
7fcfa4195000-7fcfa41ac000 r-xp 00000000 08:01 8652                       /usr/lib/jvm/java-8-openjdk-amd64/jre/lib/amd64/libnet.so
7fcfa41ac000-7fcfa43ab000 ---p 00017000 08:01 8652                       /usr/lib/jvm/java-8-openjdk-amd64/jre/lib/amd64/libnet.so
7fcfa43ab000-7fcfa43ac000 r--p 00016000 08:01 8652                       /usr/lib/jvm/java-8-openjdk-amd64/jre/lib/amd64/libnet.so
7fcfa43ac000-7fcfa43ad000 rw-p 00017000 08:01 8652                       /usr/lib/jvm/java-8-openjdk-amd64/jre/lib/amd64/libnet.so
7fcfa43ad000-7fcfa43ae000 r--p 00000000 08:01 792731                     /usr/share/locale/en_GB/LC_MESSAGES/libc.mo
7fcfa43ae000-7fcfa43b1000 ---p 00000000 00:00 0 
7fcfa43b1000-7fcfa44af000 rw-p 00000000 00:00 0 
7fcfa44af000-7fcfa44c2000 r--s 00346000 08:01 8702                       /usr/lib/jvm/java-8-openjdk-amd64/jre/lib/resources.jar
7fcfa44c2000-7fcfa44c3000 ---p 00000000 00:00 0 
7fcfa44c3000-7fcfa45c3000 rw-p 00000000 00:00 0 
7fcfa45c3000-7fcfa45c6000 ---p 00000000 00:00 0 
7fcfa45c6000-7fcfa46c4000 rw-p 00000000 00:00 0 
7fcfa46c4000-7fcfa46c7000 ---p 00000000 00:00 0 
7fcfa46c7000-7fcfa47c5000 rw-p 00000000 00:00 0 
7fcfa47c5000-7fcfa47c8000 ---p 00000000 00:00 0 
7fcfa47c8000-7fcfa48c6000 rw-p 00000000 00:00 0 
7fcfa48c6000-7fcfa48c9000 ---p 00000000 00:00 0 
7fcfa48c9000-7fcfa49c7000 rw-p 00000000 00:00 0 
7fcfa49c7000-7fcfa49ce000 r--s 00065000 08:01 1049196                    /home/sa/.gradle/caches/modules-2/files-2.1/org.springframework/springloaded/1.2.8.RELEASE/b60bac05b0451cdc1863bfec617f39aa0dcaaa43/springloaded-1.2.8.RELEASE.jar
7fcfa49ce000-7fcfa4a07000 r--s 00382000 08:01 1049105                    /home/sa/.gradle/caches/modules-2/files-2.1/com.google.javascript/closure-compiler-unshaded/v20160713/7df7b683e16c93f65361a15356283599ba012c78/closure-compiler-unshaded-v20160713.jar
7fcfa4a07000-7fcfa4a14000 r--s 00109000 08:01 1049104                    /home/sa/.gradle/caches/modules-2/files-2.1/org.mozilla/rhino/1.7R4/e982f2136574b9a423186fbaeaaa98dc3e5a5288/rhino-1.7R4.jar
7fcfa4a14000-7fcfa4a21000 r--s 00083000 08:01 1049189                    /home/sa/.gradle/caches/modules-2/files-2.1/commons-collections/commons-collections/3.2.2/8ad72fe39fa8c91eaaf12aadb21e0c3661fe26d5/commons-collections-3.2.2.jar
7fcfa4a21000-7fcfa4a28000 r--s 0003f000 08:01 1049411                    /home/sa/.gradle/caches/modules-2/files-2.1/commons-codec/commons-codec/1.10/4b95f4897fa13f2cd904aee711aeafc0c5295cd8/commons-codec-1.10.jar
7fcfa4a28000-7fcfa4a2c000 r--s 0000c000 08:01 1049151                    /home/sa/.gradle/caches/modules-2/files-2.1/javax.validation/validation-api/1.1.0.Final/8613ae82954779d518631e05daa73a6a954817d5/validation-api-1.1.0.Final.jar
7fcfa4a2c000-7fcfa4a2f000 r--s 00029000 08:01 1049172                    /home/sa/.gradle/caches/modules-2/files-2.1/commons-validator/commons-validator/1.5.1/86d05a46e8f064b300657f751b5a98c62807e2a0/commons-validator-1.5.1.jar
7fcfa4a2f000-7fcfa4a35000 r--s 00027000 08:01 1049410                    /home/sa/.gradle/caches/modules-2/files-2.1/opensymphony/sitemesh/2.4/fa84c82cce30a9a632c08dd2277d63993d972cf5/sitemesh-2.4.jar
7fcfa4a35000-7fcfa4a37000 r--s 00007000 08:01 1049409                    /home/sa/.gradle/caches/modules-2/files-2.1/org.grails/grails-web-taglib/3.3.2/ac756b51210375b92014a4a206a0443e93474491/grails-web-taglib-3.3.2.jar
7fcfa4a37000-7fcfa4a3a000 r--s 00015000 08:01 1049408                    /home/sa/.gradle/caches/modules-2/files-2.1/org.grails/grails-taglib/3.3.2/75056cd2647d469cb2bc36dd7dbb7e708fe8583/grails-taglib-3.3.2.jar
7fcfa4a3a000-7fcfa4a3d000 r--s 0001d000 08:01 1049070                    /home/sa/.gradle/caches/modules-2/files-2.1/org.codehaus.groovy/groovy-json/2.4.15/f6f6890181821246398cd44ba1fdf74f55717697/groovy-json-2.4.15.jar
7fcfa4a3d000-7fcfa4a41000 r--s 00042000 08:01 1049407                    /home/sa/.gradle/caches/modules-2/files-2.1/com.fasterxml.jackson.core/jackson-core/2.8.11/876ead1db19f0c9e79c9789273a3ef8c6fd6c29b/jackson-core-2.8.11.jar
7fcfa4a41000-7fcfa4a44000 r--s 0000b000 08:01 1049406                    /home/sa/.gradle/caches/modules-2/files-2.1/com.fasterxml.jackson.core/jackson-annotations/2.8.0/45b426f7796b741035581a176744d91090e2e6fb/jackson-annotations-2.8.0.jar
7fcfa4a44000-7fcfa4a45000 r--s 00000000 08:01 1049579                    /home/sa/.gradle/caches/modules-2/files-2.1/org.codehaus.mojo/animal-sniffer-annotations/1.14/775b7e22fb10026eed3f86e8dc556dfafe35f2d5/animal-sniffer-annotations-1.14.jar
7fcfa4a45000-7fcfa4a47000 r--s 00001000 08:01 1049577                    /home/sa/.gradle/caches/modules-2/files-2.1/com.google.j2objc/j2objc-annotations/1.1/ed28ded51a8b1c6b112568def5f4b455e6809019/j2objc-annotations-1.1.jar
7fcfa4a47000-7fcfa4a48000 r--s 00002000 08:01 1049575                    /home/sa/.gradle/caches/modules-2/files-2.1/com.google.errorprone/error_prone_annotations/2.0.18/5f65affce1684999e2f4024983835efc3504012e/error_prone_annotations-2.0.18.jar
7fcfa4a48000-7fcfa4a4b000 r--s 00006000 08:01 1049158                    /home/sa/.gradle/caches/modules-2/files-2.1/com.google.code.findbugs/jsr305/1.3.9/40719ea6961c0cb6afaeb6a921eaa1f6afd4cfdf/jsr305-1.3.9.jar
7fcfa4a4b000-7fcfa4a4c000 r--s 00005000 08:01 1049405                    /home/sa/.gradle/caches/modules-2/files-2.1/org.grails/grails-codecs/3.3.9/422fd1c1528e7ffc3117a1f5a57a21947a90c218/grails-codecs-3.3.9.jar
7fcfa4a4c000-7fcfa4a55000 r--s 0002d000 08:01 1049404                    /home/sa/.gradle/caches/modules-2/files-2.1/xml-apis/xml-apis/1.4.01/3789d9fada2d3d458c4ba2de349d48780f381ee3/xml-apis-1.4.01.jar
7fcfa4a55000-7fcfa4a57000 r--s 00008000 08:01 1049103                    /home/sa/.gradle/caches/modules-2/files-2.1/javax.el/javax.el-api/2.2.4/1287562cc3f0ff5439ded6f2949e73ce1c0edaab/javax.el-api-2.2.4.jar
7fcfa4a57000-7fcfa4a68000 r--s 000a1000 08:01 1049403                    /home/sa/.gradle/caches/modules-2/files-2.1/org.hibernate/hibernate-validator/5.3.6.Final/4c730be8bf55a8e9a61e79a2f2c079abf48b718/hibernate-validator-5.3.6.Final.jar
7fcfa4a68000-7fcfa4a6f000 r--s 00060000 08:01 1049101                    /home/sa/.gradle/caches/modules-2/files-2.1/org.grails/grails-datastore-gorm-hibernate-core/6.1.11.RELEASE/469da0c838264df268437b8ba5e9bb7a58dac4d6/grails-datastore-gorm-hibernate-core-6.1.11.RELEASE.jar
7fcfa4a6f000-7fcfa4a81000 r--s 000b9000 08:01 1049402                    /home/sa/.gradle/caches/modules-2/files-2.1/org.springframework/spring-web/4.3.21.RELEASE/64e4d7c10ce844ea093bee12f0bc9afc563ffa33/spring-web-4.3.21.RELEASE.jar
7fcfa4a81000-7fcfa4a86000 r--s 00026000 08:01 1049401                    /home/sa/.gradle/caches/modules-2/files-2.1/org.grails/scaffolding-core/1.1.1/c79e9bd310896f3afbba331170c54fa2ce7f9a5d/scaffolding-core-1.1.1.jar
7fcfa4a86000-7fcfa4a89000 r--s 00016000 08:01 1049147                    /home/sa/.gradle/caches/modules-2/files-2.1/org.grails/grails-datastore-gorm-validation/6.1.11.RELEASE/4549bc1a7694609955144d85b51d3a3db4427196/grails-datastore-gorm-validation-6.1.11.RELEASE.jar
7fcfa4a89000-7fcfa4a8b000 r--s 00014000 08:01 1049400                    /home/sa/.gradle/caches/modules-2/files-2.1/org.apache.tomcat.embed/tomcat-embed-logging-log4j/8.5.2/53bdd1eebc7393713261d178ac096a742423f940/tomcat-embed-logging-log4j-8.5.2.jar
7fcfa4a8b000-7fcfa4a9b000 r--s 000d1000 08:01 1049099                    /home/sa/.gradle/caches/modules-2/files-2.1/org.grails/grails-datastore-gorm/6.1.11.RELEASE/219ea3bb928d8bf2aca842841aad0ab223646bc8/grails-datastore-gorm-6.1.11.RELEASE.jar
7fcfa4a9b000-7fcfa4a9e000 r--s 00012000 08:01 1049399                    /home/sa/.gradle/caches/modules-2/files-2.1/org.codehaus.groovy/groovy-sql/2.4.15/591ed2582868cb47fcac04eb50923faf52bfd231/groovy-sql-2.4.15.jar
7fcfa4a9e000-7fcfa4aa8000 r--s 00060000 08:01 1049191                    /home/sa/.gradle/caches/modules-2/files-2.1/org.springframework/spring-jdbc/4.3.21.RELEASE/3691a7af0372d73723222c4e0c63db2e58637e8e/spring-jdbc-4.3.21.RELEASE.jar
7fcfa4aa8000-7fcfa4aaa000 r--s 00006000 08:01 1049398                    /home/sa/.gradle/caches/modules-2/files-2.1/org.grails/grails-plugin-domain-class/3.3.9/3369ad0eafe93adf9fbb1aa961444517a67e454e/grails-plugin-domain-class-3.3.9.jar
7fcfa4aaa000-7fcfa4aab000 r--s 00004000 08:01 1049397                    /home/sa/.gradle/caches/modules-2/files-2.1/org.grails/grails-plugin-validation/3.3.9/463fe21fd8f36e2082dd2a47c961ec0774c69d41/grails-plugin-validation-3.3.9.jar
7fcfa4aab000-7fcfa4aad000 r--s 00009000 08:01 1049396                    /home/sa/.gradle/caches/modules-2/files-2.1/org.grails/grails-plugin-mimetypes/3.3.9/307577bb0614aa982e1c572a302d77b6a76ab8ab/grails-plugin-mimetypes-3.3.9.jar
7fcfa4aad000-7fcfa4aaf000 r--s 0000b000 08:01 1049395                    /home/sa/.gradle/caches/modules-2/files-2.1/org.grails/grails-web-sitemesh/3.3.2/303fa6b72bf19b466948b9f6e04e7f99b0d273cc/grails-web-sitemesh-3.3.2.jar
7fcfa4aaf000-7fcfa4ab1000 r--s 00011000 08:01 1049394                    /home/sa/.gradle/caches/modules-2/files-2.1/org.grails/grails-web-gsp/3.3.2/6eae32a15af290d9b694b2bdd4812f12fbe664ef/grails-web-gsp-3.3.2.jar
7fcfa4ab1000-7fcfa4ab2000 r--s 00005000 08:01 1049393                    /home/sa/.gradle/caches/modules-2/files-2.1/org.grails/grails-web-mvc/3.3.9/8122d62baf7021e396aa7e4565d0e89b5ae7c6d4/grails-web-mvc-3.3.9.jar
7fcfa4ab2000-7fcfa4ab5000 r--s 0002a000 08:01 1049392                    /home/sa/.gradle/caches/modules-2/files-2.1/org.grails/grails-web-url-mappings/3.3.9/c276c557e7dfd6b003d36127c9a8887e1d06b911/grails-web-url-mappings-3.3.9.jar
7fcfa4ab5000-7fcfa4ab7000 r--s 00014000 08:01 1049391                    /home/sa/.gradle/caches/modules-2/files-2.1/org.grails/grails-web-databinding/3.3.9/fffd881d62a9ce690f9c213172bf4e14fdc75465/grails-web-databinding-3.3.9.jar
7fcfa4ab7000-7fcfa4abc000 r--s 00029000 08:01 1049390                    /home/sa/.gradle/caches/modules-2/files-2.1/org.springframework/spring-context-support/4.3.21.RELEASE/1a95108c75e45a92f7e37891d07e432bc7a7265e/spring-context-support-4.3.21.RELEASE.jar
7fcfa4abc000-7fcfa4acd000 r--s 000d0000 08:01 1049389                    /home/sa/.gradle/caches/modules-2/files-2.1/org.springframework/spring-webmvc/4.3.21.RELEASE/697b5d133fc9293a25caec960fd19c7bd518f56a/spring-webmvc-4.3.21.RELEASE.jar
7fcfa4acd000-7fcfa4ad0000 r--s 00026000 08:01 1049388                    /home/sa/.gradle/caches/modules-2/files-2.1/org.grails/grails-gsp/3.3.2/1f3e225268cd887ce7fc895d2e9e1f8864ad92a5/grails-gsp-3.3.2.jar
7fcfa4ad0000-7fcfa4ad5000 r--s 00029000 08:01 1049387                    /home/sa/.gradle/caches/modules-2/files-2.1/org.grails/grails-encoder/3.3.9/6360fc8161d0d3012860d0c11ad133c6a958a0f7/grails-encoder-3.3.9.jar
7fcfa4ad5000-7fcfa4ad8000 r--s 0000f000 08:01 1049386                    /home/sa/.gradle/caches/modules-2/files-2.1/org.grails/grails-databinding/3.3.9/68f546bab1e9490802522b24ed21ca490ad8b685/grails-databinding-3.3.9.jar
7fcfa4ad8000-7fcfa4ada000 r--s 00002000 08:01 1049385                    /home/sa/.gradle/caches/modules-2/files-2.1/org.apache.tomcat/tomcat-annotations-api/8.5.35/5e03d5b26a8cdf7368831d35baa323aaae3213b4/tomcat-annotations-api-8.5.35.jar
7fcfa4ada000-7fcfa4aec000 r--s 0011f000 08:01 1049384                    /home/sa/.gradle/caches/modules-2/files-2.1/com.fasterxml.jackson.core/jackson-databind/2.8.11.3/844df5aba5a1a56e00905b165b12bb34116ee858/jackson-databind-2.8.11.3.jar
7fcfa4aec000-7fcfa4aed000 r--s 00003000 08:01 1049145                    /home/sa/.gradle/caches/modules-2/files-2.1/javax.transaction/jta/1.1/2ca09f0b36ca7d71b762e14ea2ff09d5eac57558/jta-1.1.jar
7fcfa4aed000-7fcfa4af3000 r--s 0003d000 08:01 1049383                    /home/sa/.gradle/caches/modules-2/files-2.1/org.yaml/snakeyaml/1.17/7a27ea250c5130b2922b86dea63cbb1cc10a660c/snakeyaml-1.17.jar
7fcfa4af3000-7fcfa4af6000 r--s 00016000 08:01 1049079                    /home/sa/.gradle/caches/modules-2/files-2.1/org.codehaus.groovy/groovy-templates/2.4.15/b5cbe971f2950452c1d431ea0135dd8de2d5f58e/groovy-templates-2.4.15.jar
7fcfa4af6000-7fcfa4afa000 r--s 00031000 08:01 1049078                    /home/sa/.gradle/caches/modules-2/files-2.1/org.codehaus.groovy/groovy-xml/2.4.15/40865f59469e6b0808c9c304bd17038997220c72/groovy-xml-2.4.15.jar
7fcfa4afa000-7fcfa4b00000 r--s 0003e000 08:01 1049382                    /home/sa/.gradle/caches/modules-2/files-2.1/org.springframework/spring-expression/4.3.21.RELEASE/e69cc3105026235d4b91cb1c51c25ce125f0b7/spring-expression-4.3.21.RELEASE.jar
7fcfa4b00000-7fcfa4b09000 r--s 00054000 08:01 1049381                    /home/sa/.gradle/caches/modules-2/files-2.1/org.springframework/spring-aop/4.3.21.RELEASE/e29ad56774c2e8d685b2628a1cd7df217e8e76b9/spring-aop-4.3.21.RELEASE.jar
7fcfa4b09000-7fcfa4b0b000 r--s 0000e000 08:01 1049192                    /home/sa/.gradle/caches/modules-2/files-2.1/commons-logging/commons-logging/1.2/4bfc12adfe4842bf07b657f0369c4cb522955686/commons-logging-1.2.jar
7fcfa4b0b000-7fcfa4b16000 r--s 0006a000 08:01 1049380                    /home/sa/.gradle/caches/modules-2/files-2.1/ch.qos.logback/logback-core/1.1.11/88b8df40340eed549fb07e2613879bf6b006704d/logback-core-1.1.11.jar
7fcfa4b16000-7fcfa4b46000 r--s 0024f000 08:01 1049573                    /home/sa/.gradle/caches/modules-2/files-2.1/com.google.guava/guava/23.0/c947004bb13d18182be60077ade044099e4f26f1/guava-23.0.jar
7fcfa4b46000-7fcfa4b4a000 r--s 00112000 08:01 1049421                    /home/sa/.gradle/caches/modules-2/files-2.1/net.java.dev.jna/jna/4.2.2/5012450aee579c3118ff09461d5ce210e0cdc2a9/jna-4.2.2.jar
7fcfa4b4a000-7fcfa4b4e000 r--s 00049000 08:01 1049067                    /home/sa/.gradle/caches/modules-2/files-2.1/com.bertramlabs.plugins/asset-pipeline-core/2.15.1/7a03810517c8d4c241c686373f620e3ee92af1e7/asset-pipeline-core-2.15.1.jar
7fcfa4b4e000-7fcfa4b50000 r--s 0000b000 08:01 1049379                    /home/sa/.gradle/caches/modules-2/files-2.1/org.apache.tomcat/tomcat-juli/8.5.35/69d0606072b31b57ba706d1ffc102064ad8f694b/tomcat-juli-8.5.35.jar
7fcfa4b50000-7fcfa4b52000 r--s 00007000 08:01 1049377                    /home/sa/.gradle/caches/modules-2/files-2.1/javax.el/el-api/2.1.2-b03/1ac087d9d1a632d2ff82fa1e8b6610aca025ff2a/el-api-2.1.2-b03.jar
7fcfa4b52000-7fcfa4b54000 r--s 0001f000 08:01 1049376                    /home/sa/.gradle/caches/modules-2/files-2.1/org.grails/grails-web-jsp/3.3.2/8dc6e9733613ba951264550dc3961f0e5444fc68/grails-web-jsp-3.3.2.jar
7fcfa4b54000-7fcfa4b55000 r--s 00004000 08:01 1049375                    /home/sa/.gradle/caches/modules-2/files-2.1/org.grails/grails-plugin-codecs/3.3.9/58aa360e70cb31b7e7c50ac8523e99be3386f142/grails-plugin-codecs-3.3.9.jar
7fcfa4b55000-7fcfa4b5a000 r--s 00041000 08:01 1049374                    /home/sa/.gradle/caches/modules-2/files-2.1/commons-lang/commons-lang/2.6/ce1edb914c94ebc388f086c6827e8bdeec71ac2/commons-lang-2.6.jar
7fcfa4b5a000-7fcfa4b5c000 r--s 0000b000 08:01 1049373                    /home/sa/.gradle/caches/modules-2/files-2.1/org.grails/grails-web-gsp-taglib/3.3.2/b13b1d8cfd9a9357657d6be9f5b43c16dd6e3865/grails-web-gsp-taglib-3.3.2.jar
7fcfa4b5c000-7fcfa4b5f000 r--s 00010000 08:01 1049094                    /home/sa/.gradle/caches/modules-2/files-2.1/org.hibernate.common/hibernate-commons-annotations/5.0.1.Final/71e1cff3fcb20d3b3af4f3363c3ddb24d33c6879/hibernate-commons-annotations-5.0.1.Final.jar
7fcfa4b5f000-7fcfa4b64000 r--s 00048000 08:01 1049093                    /home/sa/.gradle/caches/modules-2/files-2.1/dom4j/dom4j/1.6.1/5d3ccc056b6f056dbf0dddfdf43894b9065a8f94/dom4j-1.6.1.jar
7fcfa4b64000-7fcfa4b66000 r--s 0000e000 08:01 1049372                    /home/sa/.gradle/caches/modules-2/files-2.1/com.fasterxml/classmate/1.3.4/3d5f48f10bbe4eb7bd862f10c0583be2e0053c6/classmate-1.3.4.jar
7fcfa4b66000-7fcfa4b69000 r--s 0002b000 08:01 1049091                    /home/sa/.gradle/caches/modules-2/files-2.1/org.jboss/jandex/2.0.3.Final/bfc4d6257dbff7a33a357f0de116be6ff951d849/jandex-2.0.3.Final.jar
7fcfa4b69000-7fcfa4b6a000 r--s 00003000 08:01 1049089                    /home/sa/.gradle/caches/modules-2/files-2.1/org.apache.geronimo.specs/geronimo-jta_1.1_spec/1.1.1/aabab3165b8ea936b9360abbf448459c0d04a5a4/geronimo-jta_1.1_spec-1.1.1.jar
7fcfa4b6a000-7fcfa4b6f000 r--s 00068000 08:01 1049088                    /home/sa/.gradle/caches/modules-2/files-2.1/antlr/antlr/2.7.7/83cd2cd674a217ade95a4bb83a8a14f351f48bd0/antlr-2.7.7.jar
7fcfa4b6f000-7fcfa4b71000 r--s 0000f000 08:01 1049371                    /home/sa/.gradle/caches/modules-2/files-2.1/org.jboss.logging/jboss-logging/3.3.2.Final/3789d00e859632e6c6206adc0c71625559e6e3b0/jboss-logging-3.3.2.Final.jar
7fcfa4b71000-7fcfa4b7b000 r--s 0006b000 08:01 1049177                    /home/sa/.gradle/caches/modules-2/files-2.1/org.springframework/spring-orm/4.3.21.RELEASE/b2a0c304b91c64a6bc1890061aa61a56acde8d70/spring-orm-4.3.21.RELEASE.jar
7fcfa4b7b000-7fcfa4b7f000 r--s 00039000 08:01 1049066                    /home/sa/.gradle/caches/modules-2/files-2.1/org.grails/grails-datastore-gorm-hibernate5/6.1.11.RELEASE/9acfd949a8c9d74ff2b82d8a8456f1c64021f626/grails-datastore-gorm-hibernate5-6.1.11.RELEASE.jar
7fcfa4b7f000-7fcfa4b82000 r--s 00012000 08:01 1049065                    /home/sa/.gradle/caches/modules-2/files-2.1/org.grails/grails-datastore-gorm-support/6.1.11.RELEASE/22bf5199a18407fecfbfb7d142f45fb42302e6a2/grails-datastore-gorm-support-6.1.11.RELEASE.jar
7fcfa4b82000-7fcfa4b83000 r--s 00002000 08:01 1049064                    /home/sa/.gradle/caches/modules-2/files-2.1/org.grails/grails-datastore-web/6.1.11.RELEASE/20934b8135e97e6203c8d866a429d26102b2aab8/grails-datastore-web-6.1.11.RELEASE.jar
7fcfa4b83000-7fcfa4b85000 r--s 00003000 08:01 1049370                    /home/sa/.gradle/caches/modules-2/files-2.1/org.grails/grails-events-compat/3.3.2/1250482ac83841a19c75b150777a2d2c28592d33/grails-events-compat-3.3.2.jar
7fcfa4b85000-7fcfa4b86000 r--s 00007000 08:01 1049369                    /home/sa/.gradle/caches/modules-2/files-2.1/org.grails/grails-events-transform/3.3.2/645c93ccb03ea27a23d6ac25265b01e5a63b9525/grails-events-transform-3.3.2.jar
7fcfa4b86000-7fcfa4b88000 r--s 0000b000 08:01 1049368                    /home/sa/.gradle/caches/modules-2/files-2.1/org.grails/grails-events/3.3.2/a4c70fc8c391d8060d715ea68bfe4ff87761fd02/grails-events-3.3.2.jar
7fcfa4b88000-7fcfa4b8a000 r--s 00020000 08:01 1049367                    /home/sa/.gradle/caches/modules-2/files-2.1/org.grails.plugins/fields/2.2.8/bfb21b4e1c05db9f105159d12bcac0389b1ac464/fields-2.2.8.jar
7fcfa4b8a000-7fcfa4b8d000 r--s 0000e000 08:01 1049366                    /home/sa/.gradle/caches/modules-2/files-2.1/org.grails/grails-async/3.3.2/df2d4d6d96161b1105298a951c6fff31dd52e1e9/grails-async-3.3.2.jar
7fcfa4b8d000-7fcfa4b97000 r--s 000aa000 08:01 1049178                    /home/sa/.gradle/caches/modules-2/files-2.1/org.javassist/javassist/3.21.0-GA/598244f595db5c5fb713731eddbb1c91a58d959b/javassist-3.21.0-GA.jar
7fcfa4b97000-7fcfa4b9a000 r--s 00016000 08:01 1049365                    /home/sa/.gradle/caches/modules-2/files-2.1/org.grails/grails-validation/3.3.9/30fdfdfe072fd2fdec5f3777f13eda7b3eff24db/grails-validation-3.3.9.jar
7fcfa4b9a000-7fcfa4b9e000 r--s 0001e000 08:01 1049364                    /home/sa/.gradle/caches/modules-2/files-2.1/org.grails.plugins/converters/3.3.1/afc1ea5fa7d7d52e83017856fa5a651d38145048/converters-3.3.1.jar
7fcfa4b9e000-7fcfa4ba0000 r--s 00005000 08:01 1049363                    /home/sa/.gradle/caches/modules-2/files-2.1/org.grails/grails-plugin-datasource/3.3.9/3de57badc1db0a597e5da922ae6aa9abfd5f50db/grails-plugin-datasource-3.3.9.jar
7fcfa4ba0000-7fcfa4ba3000 r--s 00019000 08:01 1049362                    /home/sa/.gradle/caches/modules-2/files-2.1/org.grails/grails-plugin-controllers/3.3.9/a81569a9a569b6489a6d81bb44d9c1f57cb43f1/grails-plugin-controllers-3.3.9.jar
7fcfa4ba3000-7fcfa4ba4000 r--s 00005000 08:01 1049361                    /home/sa/.gradle/caches/modules-2/files-2.1/org.grails/grails-web/3.3.9/b78f4f6569bd38f44aa70f17799fa098c2d695e5/grails-web-3.3.9.jar
7fcfa4ba4000-7fcfa4ba8000 r--s 00028000 08:01 1049360                    /home/sa/.gradle/caches/modules-2/files-2.1/org.grails/grails-web-common/3.3.9/1ebb148a20659b7f22f247be74329eac328a1877/grails-web-common-3.3.9.jar
7fcfa4ba8000-7fcfa4bad000 r--s 0003a000 08:01 1049359                    /home/sa/.gradle/caches/modules-2/files-2.1/org.apache.tomcat.embed/tomcat-embed-websocket/8.5.35/e87da30db31e2d9e70598a12b40e9c2a23215a40/tomcat-embed-websocket-8.5.35.jar
7fcfa4bad000-7fcfa4bb2000 r--s 00038000 08:01 1049358                    /home/sa/.gradle/caches/modules-2/files-2.1/org.apache.tomcat.embed/tomcat-embed-el/8.5.35/da63e21798ee42a4b4019c7345b159d3b63bc3de/tomcat-embed-el-8.5.35.jar
7fcfa4bb2000-7fcfa4bdc000 r--s 002d7000 08:01 1049357                    /home/sa/.gradle/caches/modules-2/files-2.1/org.apache.tomcat.embed/tomcat-embed-core/8.5.35/9c459829e1aa72669203dbbf6648dc3b6314644c/tomcat-embed-core-8.5.35.jar
7fcfa4bdc000-7fcfa4bec000 r--s 00079000 08:01 1049356                    /home/sa/.gradle/caches/modules-2/files-2.1/org.springframework.boot/spring-boot-actuator/1.5.18.RELEASE/a970e02f8a2fec07a4ba752065f3e4c653cc4838/spring-boot-actuator-1.5.18.RELEASE.jar
7fcfa4bec000-7fcfa4bed000 r--s 00000000 08:01 1049355                    /home/sa/.gradle/caches/modules-2/files-2.1/org.springframework.boot/spring-boot-starter/1.5.18.RELEASE/f7676e6488e22fcf6c0119120d7364e14fa11dca/spring-boot-starter-1.5.18.RELEASE.jar
7fcfa4bed000-7fcfa4bf1000 r--s 00040000 08:01 1049354                    /home/sa/.gradle/caches/modules-2/files-2.1/xalan/serializer/2.7.2/24247f3bb052ee068971393bdb83e04512bb1c3c/serializer-2.7.2.jar
7fcfa4bf1000-7fcfa4bff000 r--s 00081000 08:01 1049095                    /home/sa/.gradle/caches/modules-2/files-2.1/org.grails/grails-datastore-core/6.1.11.RELEASE/bf1cba58dc8dec80bc752fd172be5eda6a6bc6d0/grails-datastore-core-6.1.11.RELEASE.jar
7fcfa4bff000-7fcfa4c00000 r--s 00009000 08:01 1049353                    /home/sa/.gradle/caches/modules-2/files-2.1/org.grails/grails-spring/3.3.9/9b4ddfe7dac11b146fca97d2b0db5a89b1cb68/grails-spring-3.3.9.jar
7fcfa4c00000-7fcfa4c04000 r--s 0003a000 08:01 1049059                    /home/sa/.gradle/caches/modules-2/files-2.1/org.grails/grails-bootstrap/3.3.9/64bf1f9cdfd9e4301c752a9bd346f034a589b15e/grails-bootstrap-3.3.9.jar
7fcfa4c04000-7fcfa4c1e000 r--s 000fe000 08:01 1049352                    /home/sa/.gradle/caches/modules-2/files-2.1/org.springframework/spring-context/4.3.21.RELEASE/5264ce9d8039d48684ce3fc25eb5d214fa46ab5b/spring-context-4.3.21.RELEASE.jar
7fcfa4c1e000-7fcfa4c2c000 r--s 000ad000 08:01 1049190                    /home/sa/.gradle/caches/modules-2/files-2.1/org.springframework/spring-beans/4.3.21.RELEASE/b189b059b054acd7ea3d07dc028800d471bb72b6/spring-beans-4.3.21.RELEASE.jar
7fcfa4c2c000-7fcfa4c34000 r--s 0003a000 08:01 1049180                    /home/sa/.gradle/caches/modules-2/files-2.1/org.springframework/spring-tx/4.3.21.RELEASE/9920a4b7629ee949f6ead56a214b532863c02919/spring-tx-4.3.21.RELEASE.jar
7fcfa4c34000-7fcfa4c4b000 r--s 000fe000 08:01 1049115                    /home/sa/.gradle/caches/modules-2/files-2.1/org.springframework/spring-core/4.3.21.RELEASE/baca8fcf544214f08fe594ba092d6fa88900a74e/spring-core-4.3.21.RELEASE.jar
7fcfa4c4b000-7fcfa4c4f000 r--s 00019000 08:01 1049142                    /home/sa/.gradle/caches/modules-2/files-2.1/com.googlecode.concurrentlinkedhashmap/concurrentlinkedhashmap-lru/1.4.2/2eaf3d3c9746d526ff7e5b93931d482c3887e6ac/concurrentlinkedhashmap-lru-1.4.2.jar
7fcfa4c4f000-7fcfa4c54000 r--s 00017000 08:01 1049085                    /home/sa/.gradle/caches/modules-2/files-2.1/org.hibernate.javax.persistence/hibernate-jpa-2.1-api/1.0.0.Final/5e731d961297e5a07290bfaf3db1fbc8bbbf405a/hibernate-jpa-2.1-api-1.0.0.Final.jar
7fcfa4c54000-7fcfa4c56000 r--s 00009000 08:01 1049055                    /home/sa/.gradle/caches/modules-2/files-2.1/org.slf4j/slf4j-api/1.7.25/da76ca59f6a57ee3102f8f9bd9cee742973efa8a/slf4j-api-1.7.25.jar
7fcfa4c56000-7fcfa4ca3000 r--s 0042b000 08:01 1049054                    /home/sa/.gradle/caches/modules-2/files-2.1/org.codehaus.groovy/groovy/2.4.15/74b7e0b99526c569e3a59cb84dbcc6204d601ee6/groovy-2.4.15.jar
7fcfa4ca3000-7fcfa4cb3000 r--s 00098000 08:01 1049351                    /home/sa/.gradle/caches/modules-2/files-2.1/org.springframework.boot/spring-boot/1.5.18.RELEASE/7914ca08dafc83e7013ef1f14f03357114f0e813/spring-boot-1.5.18.RELEASE.jar
7fcfa4cb3000-7fcfa4cb5000 r--s 00004000 08:01 1049350                    /home/sa/.gradle/caches/modules-2/files-2.1/org.slf4j/log4j-over-slf4j/1.7.25/a87bb47468f47ee7aabbd54f93e133d4215769c3/log4j-over-slf4j-1.7.25.jar
7fcfa4cb5000-7fcfa4cb7000 r--s 00000000 08:01 1049349                    /home/sa/.gradle/caches/modules-2/files-2.1/org.slf4j/jul-to-slf4j/1.7.25/af5364cd6679bfffb114f0dec8a157aaa283b76/jul-to-slf4j-1.7.25.jar
7fcfa4cb7000-7fcfa4cb9000 r--s 00003000 08:01 1049056                    /home/sa/.gradle/caches/modules-2/files-2.1/org.slf4j/jcl-over-slf4j/1.7.25/f8c32b13ff142a513eeb5b6330b1588dcb2c0461/jcl-over-slf4j-1.7.25.jar
7fcfa4cb9000-7fcfa4cc0000 r--s 00045000 08:01 1049348                    /home/sa/.gradle/caches/modules-2/files-2.1/ch.qos.logback/logback-classic/1.1.11/ccedfbacef4a6515d2983e3f89ed753d5d4fb665/logback-classic-1.1.11.jar
7fcfa4cc0000-7fcfa4cc2000 r--s 00006000 08:01 1049572                    /home/sa/.gradle/caches/modules-2/files-2.1/io.methvin/directory-watcher/0.5.1/cb910249d0de7831b31b682835f2b5cce8b5575a/directory-watcher-0.5.1.jar
7fcfa4cc2000-7fcfa4cc4000 r--s 0001e000 08:01 1049347                    /home/sa/.gradle/caches/modules-2/files-2.1/com.bertramlabs.plugins/asset-pipeline-grails/2.15.1/5312ac75d278699a56792a07b9bd39b84b580fa/asset-pipeline-grails-2.15.1.jar
7fcfa4cc4000-7fcfa4cc7000 r--s 00022000 08:01 1049346                    /home/sa/.gradle/caches/modules-2/files-2.1/org.apache.tomcat/tomcat-jdbc/8.5.35/b4b27053b96b70b6e2f3b8de9f5338b0d386386b/tomcat-jdbc-8.5.35.jar
7fcfa4cc7000-7fcfa4cd1000 r--s 000e4000 08:01 1049601                    /home/sa/.gradle/caches/modules-2/files-2.1/mysql/mysql-connector-java/5.1.36/6bb5861f44c21c775ee713a438e5bc493c095f7a/mysql-connector-java-5.1.36.jar
7fcfa4cd1000-7fcfa4cd4000 r--s 00018000 08:01 1049344                    /home/sa/.gradle/caches/modules-2/files-2.1/org.glassfish.web/el-impl/2.1.2-b03/6bab1211b6e6b191fdbf06067bd05d2f75a62ac0/el-impl-2.1.2-b03.jar
7fcfa4cd4000-7fcfa4cd9000 r--s 0004b000 08:01 1049343                    /home/sa/.gradle/caches/modules-2/files-2.1/org.grails.plugins/gsp/3.3.2/f1e032675f2233c0b18f4de8e74d830197d11ac5/gsp-3.3.2.jar
7fcfa4cd9000-7fcfa4d45000 r--s 0050f000 08:01 1049342                    /home/sa/.gradle/caches/modules-2/files-2.1/org.hibernate/hibernate-core/5.1.16.Final/7a87444230a21ad2201e96bfa2711766a502f0cc/hibernate-core-5.1.16.Final.jar
7fcfa4d45000-7fcfa4d46000 r--s 00006000 08:01 1049052                    /home/sa/.gradle/caches/modules-2/files-2.1/org.grails.plugins/hibernate5/6.1.11/11c3e1e0de56147fbadebec949203eb36208959c/hibernate5-6.1.11.jar
7fcfa4d46000-7fcfa4d47000 r--s 00001000 08:01 1049341                    /home/sa/.gradle/caches/modules-2/files-2.1/org.grails.plugins/events/3.3.2/c43aed0886464bc62b8ef2c4963ea1bedeb19e6/events-3.3.2.jar
7fcfa4d47000-7fcfa4d49000 r--s 00006000 08:01 1049340                    /home/sa/.gradle/caches/modules-2/files-2.1/org.grails.plugins/scaffolding/3.4.1/3794a2154aa473fd2281e1e36de398815a63e740/scaffolding-3.4.1.jar
7fcfa4d49000-7fcfa4d4c000 r--s 0000c000 08:01 1049338                    /home/sa/.gradle/caches/modules-2/files-2.1/org.grails.plugins/async/3.3.2/849be6dcabfba176078915404451c4b4479c6d49/async-3.3.2.jar
7fcfa4d4c000-7fcfa4d4e000 r--s 00011000 08:01 1049337                    /home/sa/.gradle/caches/modules-2/files-2.1/org.grails.plugins/cache/4.0.1/16962c7bd5a5367dc25f4753ac047b80b75059b7/cache-4.0.1.jar
7fcfa4d4e000-7fcfa4d4f000 r--s 00008000 08:01 1049336                    /home/sa/.gradle/caches/modules-2/files-2.1/org.grails/grails-plugin-interceptors/3.3.9/187c4c1ef95f8276bb60d1f56823433abf93eb00/grails-plugin-interceptors-3.3.9.jar
7fcfa4d4f000-7fcfa4d51000 r--s 00004000 08:01 1049335                    /home/sa/.gradle/caches/modules-2/files-2.1/org.grails/grails-plugin-url-mappings/3.3.9/f3319c55bc2994a19bf46afb0d65aff1f0306706/grails-plugin-url-mappings-3.3.9.jar
7fcfa4d51000-7fcfa4d53000 r--s 00003000 08:01 1049334                    /home/sa/.gradle/caches/modules-2/files-2.1/org.grails/grails-plugin-services/3.3.9/ff41527f65f42ca67ab9ef458d81b1e675745f1b/grails-plugin-services-3.3.9.jar
7fcfa4d53000-7fcfa4d57000 r--s 00031000 08:01 1049328                    /home/sa/.gradle/caches/modules-2/files-2.1/org.grails/grails-plugin-rest/3.3.9/e81a338b50e2fe4e0ff094498ba3bf7404d99c94/grails-plugin-rest-3.3.9.jar
7fcfa4d57000-7fcfa4d64000 r--s 000b1000 08:01 1049322                    /home/sa/.gradle/caches/modules-2/files-2.1/org.grails/grails-core/3.3.9/51a086528025dc387f0d6ad37d1b1f32d2dd0315/grails-core-3.3.9.jar
7fcfa4d64000-7fcfa4d67000 ---p 00000000 00:00 0 
7fcfa4d67000-7fcfa4e65000 rw-p 00000000 00:00 0 
7fcfa4e65000-7fcfa5000000 r--p 00000000 08:01 786736                     /usr/lib/locale/locale-archive
7fcfa5000000-7fcfa65e0000 rwxp 00000000 00:00 0 
7fcfa65e0000-7fcfb4000000 ---p 00000000 00:00 0 
7fcfb4000000-7fcfb598f000 rw-p 00000000 00:00 0 
7fcfb598f000-7fcfb8000000 ---p 00000000 00:00 0 
7fcfb8000000-7fcfb8001000 r--s 00003000 08:01 1049333                    /home/sa/.gradle/caches/modules-2/files-2.1/org.grails/grails-plugin-i18n/3.3.9/e55539414203158701f5a4794fdc087a39867d44/grails-plugin-i18n-3.3.9.jar
7fcfb8001000-7fcfb8002000 r--s 00004000 08:01 1049332                    /home/sa/.gradle/caches/modules-2/files-2.1/org.grails/grails-plugin-databinding/3.3.9/ec92ef8f39f93ea3374bede9b36e43147c08878e/grails-plugin-databinding-3.3.9.jar
7fcfb8002000-7fcfb8003000 r--s 00000000 08:01 1049327                    /home/sa/.gradle/caches/modules-2/files-2.1/org.grails/grails-logging/3.3.9/e92409153e4b910a94f7a19dcd5a088c0037473d/grails-logging-3.3.9.jar
7fcfb8003000-7fcfb8004000 r--s 00001000 08:01 1049326                    /home/sa/.gradle/caches/modules-2/files-2.1/org.grails/grails-web-boot/3.3.9/11705ab16f846a5c8b62de2fe1c94885e27f0be7/grails-web-boot-3.3.9.jar
7fcfb8004000-7fcfb8005000 r--s 00000000 08:01 1049325                    /home/sa/.gradle/caches/modules-2/files-2.1/org.springframework.boot/spring-boot-starter-tomcat/1.5.18.RELEASE/a9698317aa43178ae5f09ae015a828f9919a878c/spring-boot-starter-tomcat-1.5.18.RELEASE.jar
7fcfb8005000-7fcfb8006000 r--s 00000000 08:01 1049324                    /home/sa/.gradle/caches/modules-2/files-2.1/org.springframework.boot/spring-boot-starter-actuator/1.5.18.RELEASE/c4858eedec690e61e547646ce7ae77e6bdc58c1a/spring-boot-starter-actuator-1.5.18.RELEASE.jar
7fcfb8006000-7fcfb8026000 r--s 000e7000 08:01 1049321                    /home/sa/.gradle/caches/modules-2/files-2.1/org.springframework.boot/spring-boot-autoconfigure/1.5.18.RELEASE/7951dd1fe36dea4a64db6c2f7e14f0b1e0adb3ea/spring-boot-autoconfigure-1.5.18.RELEASE.jar
7fcfb8026000-7fcfb8041000 r--s 00394000 08:01 8674                       /usr/lib/jvm/java-8-openjdk-amd64/jre/lib/ext/cldrdata.jar
7fcfb8041000-7fcfb805c000 r--s 001d6000 08:01 8679                       /usr/lib/jvm/java-8-openjdk-amd64/jre/lib/ext/nashorn.jar
7fcfb805c000-7fcfb805f000 ---p 00000000 00:00 0 
7fcfb805f000-7fcfb815d000 rw-p 00000000 00:00 0 
7fcfb815d000-7fcfb8160000 ---p 00000000 00:00 0 
7fcfb8160000-7fcfb825e000 rw-p 00000000 00:00 0 
7fcfb825e000-7fcfb825f000 ---p 00000000 00:00 0 
7fcfb825f000-7fcfb83ad000 rw-p 00000000 00:00 0 
7fcfb83ad000-7fcfb857c000 r--s 03c33000 08:01 8703                       /usr/lib/jvm/java-8-openjdk-amd64/jre/lib/rt.jar
7fcfb857c000-7fcfb8d7c000 rw-p 00000000 00:00 0 
7fcfb8d7c000-7fcfb8ffd000 rw-p 00000000 00:00 0 
7fcfb8ffd000-7fcfb9056000 rw-p 00000000 00:00 0 
7fcfb9056000-7fcfb93be000 ---p 00000000 00:00 0 
7fcfb93be000-7fcfb93c6000 r-xp 00000000 08:01 8660                       /usr/lib/jvm/java-8-openjdk-amd64/jre/lib/amd64/libzip.so
7fcfb93c6000-7fcfb95c5000 ---p 00008000 08:01 8660                       /usr/lib/jvm/java-8-openjdk-amd64/jre/lib/amd64/libzip.so
7fcfb95c5000-7fcfb95c6000 r--p 00007000 08:01 8660                       /usr/lib/jvm/java-8-openjdk-amd64/jre/lib/amd64/libzip.so
7fcfb95c6000-7fcfb95c7000 rw-p 00008000 08:01 8660                       /usr/lib/jvm/java-8-openjdk-amd64/jre/lib/amd64/libzip.so
7fcfb95c7000-7fcfb95d1000 r-xp 00000000 08:01 393234                     /lib/x86_64-linux-gnu/libnss_files-2.24.so
7fcfb95d1000-7fcfb97d1000 ---p 0000a000 08:01 393234                     /lib/x86_64-linux-gnu/libnss_files-2.24.so
7fcfb97d1000-7fcfb97d2000 r--p 0000a000 08:01 393234                     /lib/x86_64-linux-gnu/libnss_files-2.24.so
7fcfb97d2000-7fcfb97d3000 rw-p 0000b000 08:01 393234                     /lib/x86_64-linux-gnu/libnss_files-2.24.so
7fcfb97d3000-7fcfb97d9000 rw-p 00000000 00:00 0 
7fcfb97d9000-7fcfb97e4000 r-xp 00000000 08:01 393236                     /lib/x86_64-linux-gnu/libnss_nis-2.24.so
7fcfb97e4000-7fcfb99e3000 ---p 0000b000 08:01 393236                     /lib/x86_64-linux-gnu/libnss_nis-2.24.so
7fcfb99e3000-7fcfb99e4000 r--p 0000a000 08:01 393236                     /lib/x86_64-linux-gnu/libnss_nis-2.24.so
7fcfb99e4000-7fcfb99e5000 rw-p 0000b000 08:01 393236                     /lib/x86_64-linux-gnu/libnss_nis-2.24.so
7fcfb99e5000-7fcfb99f9000 r-xp 00000000 08:01 393231                     /lib/x86_64-linux-gnu/libnsl-2.24.so
7fcfb99f9000-7fcfb9bf9000 ---p 00014000 08:01 393231                     /lib/x86_64-linux-gnu/libnsl-2.24.so
7fcfb9bf9000-7fcfb9bfa000 r--p 00014000 08:01 393231                     /lib/x86_64-linux-gnu/libnsl-2.24.so
7fcfb9bfa000-7fcfb9bfb000 rw-p 00015000 08:01 393231                     /lib/x86_64-linux-gnu/libnsl-2.24.so
7fcfb9bfb000-7fcfb9bfd000 rw-p 00000000 00:00 0 
7fcfb9bfd000-7fcfb9c04000 r-xp 00000000 08:01 393232                     /lib/x86_64-linux-gnu/libnss_compat-2.24.so
7fcfb9c04000-7fcfb9e03000 ---p 00007000 08:01 393232                     /lib/x86_64-linux-gnu/libnss_compat-2.24.so
7fcfb9e03000-7fcfb9e04000 r--p 00006000 08:01 393232                     /lib/x86_64-linux-gnu/libnss_compat-2.24.so
7fcfb9e04000-7fcfb9e05000 rw-p 00007000 08:01 393232                     /lib/x86_64-linux-gnu/libnss_compat-2.24.so
7fcfb9e05000-7fcfb9e0f000 r-xp 00000000 08:01 8636                       /usr/lib/jvm/java-8-openjdk-amd64/jre/lib/amd64/libinstrument.so
7fcfb9e0f000-7fcfba00e000 ---p 0000a000 08:01 8636                       /usr/lib/jvm/java-8-openjdk-amd64/jre/lib/amd64/libinstrument.so
7fcfba00e000-7fcfba00f000 r--p 00009000 08:01 8636                       /usr/lib/jvm/java-8-openjdk-amd64/jre/lib/amd64/libinstrument.so
7fcfba00f000-7fcfba010000 rw-p 0000a000 08:01 8636                       /usr/lib/jvm/java-8-openjdk-amd64/jre/lib/amd64/libinstrument.so
7fcfba010000-7fcfba03d000 r-xp 00000000 08:01 8641                       /usr/lib/jvm/java-8-openjdk-amd64/jre/lib/amd64/libjava.so
7fcfba03d000-7fcfba23d000 ---p 0002d000 08:01 8641                       /usr/lib/jvm/java-8-openjdk-amd64/jre/lib/amd64/libjava.so
7fcfba23d000-7fcfba23e000 r--p 0002d000 08:01 8641                       /usr/lib/jvm/java-8-openjdk-amd64/jre/lib/amd64/libjava.so
7fcfba23e000-7fcfba240000 rw-p 0002e000 08:01 8641                       /usr/lib/jvm/java-8-openjdk-amd64/jre/lib/amd64/libjava.so
7fcfba240000-7fcfba24f000 r-xp 00000000 08:01 8659                       /usr/lib/jvm/java-8-openjdk-amd64/jre/lib/amd64/libverify.so
7fcfba24f000-7fcfba44f000 ---p 0000f000 08:01 8659                       /usr/lib/jvm/java-8-openjdk-amd64/jre/lib/amd64/libverify.so
7fcfba44f000-7fcfba451000 r--p 0000f000 08:01 8659                       /usr/lib/jvm/java-8-openjdk-amd64/jre/lib/amd64/libverify.so
7fcfba451000-7fcfba452000 rw-p 00011000 08:01 8659                       /usr/lib/jvm/java-8-openjdk-amd64/jre/lib/amd64/libverify.so
7fcfba452000-7fcfba459000 r-xp 00000000 08:01 393241                     /lib/x86_64-linux-gnu/librt-2.24.so
7fcfba459000-7fcfba658000 ---p 00007000 08:01 393241                     /lib/x86_64-linux-gnu/librt-2.24.so
7fcfba658000-7fcfba659000 r--p 00006000 08:01 393241                     /lib/x86_64-linux-gnu/librt-2.24.so
7fcfba659000-7fcfba65a000 rw-p 00007000 08:01 393241                     /lib/x86_64-linux-gnu/librt-2.24.so
7fcfba65a000-7fcfba670000 r-xp 00000000 08:01 393220                     /lib/x86_64-linux-gnu/libgcc_s.so.1
7fcfba670000-7fcfba86f000 ---p 00016000 08:01 393220                     /lib/x86_64-linux-gnu/libgcc_s.so.1
7fcfba86f000-7fcfba870000 r--p 00015000 08:01 393220                     /lib/x86_64-linux-gnu/libgcc_s.so.1
7fcfba870000-7fcfba871000 rw-p 00016000 08:01 393220                     /lib/x86_64-linux-gnu/libgcc_s.so.1
7fcfba871000-7fcfba974000 r-xp 00000000 08:01 393228                     /lib/x86_64-linux-gnu/libm-2.24.so
7fcfba974000-7fcfbab73000 ---p 00103000 08:01 393228                     /lib/x86_64-linux-gnu/libm-2.24.so
7fcfbab73000-7fcfbab74000 r--p 00102000 08:01 393228                     /lib/x86_64-linux-gnu/libm-2.24.so
7fcfbab74000-7fcfbab75000 rw-p 00103000 08:01 393228                     /lib/x86_64-linux-gnu/libm-2.24.so
7fcfbab75000-7fcfbace7000 r-xp 00000000 08:01 791476                     /usr/lib/x86_64-linux-gnu/libstdc++.so.6.0.22
7fcfbace7000-7fcfbaee7000 ---p 00172000 08:01 791476                     /usr/lib/x86_64-linux-gnu/libstdc++.so.6.0.22
7fcfbaee7000-7fcfbaef1000 r--p 00172000 08:01 791476                     /usr/lib/x86_64-linux-gnu/libstdc++.so.6.0.22
7fcfbaef1000-7fcfbaef3000 rw-p 0017c000 08:01 791476                     /usr/lib/x86_64-linux-gnu/libstdc++.so.6.0.22
7fcfbaef3000-7fcfbaef7000 rw-p 00000000 00:00 0 
7fcfbaef7000-7fcfbbb56000 r-xp 00000000 08:01 8663                       /usr/lib/jvm/java-8-openjdk-amd64/jre/lib/amd64/server/libjvm.so
7fcfbbb56000-7fcfbbd55000 ---p 00c5f000 08:01 8663                       /usr/lib/jvm/java-8-openjdk-amd64/jre/lib/amd64/server/libjvm.so
7fcfbbd55000-7fcfbbde9000 r--p 00c5e000 08:01 8663                       /usr/lib/jvm/java-8-openjdk-amd64/jre/lib/amd64/server/libjvm.so
7fcfbbde9000-7fcfbbe12000 rw-p 00cf2000 08:01 8663                       /usr/lib/jvm/java-8-openjdk-amd64/jre/lib/amd64/server/libjvm.so
7fcfbbe12000-7fcfbbe42000 rw-p 00000000 00:00 0 
7fcfbbe42000-7fcfbbfd7000 r-xp 00000000 08:01 393224                     /lib/x86_64-linux-gnu/libc-2.24.so
7fcfbbfd7000-7fcfbc1d7000 ---p 00195000 08:01 393224                     /lib/x86_64-linux-gnu/libc-2.24.so
7fcfbc1d7000-7fcfbc1db000 r--p 00195000 08:01 393224                     /lib/x86_64-linux-gnu/libc-2.24.so
7fcfbc1db000-7fcfbc1dd000 rw-p 00199000 08:01 393224                     /lib/x86_64-linux-gnu/libc-2.24.so
7fcfbc1dd000-7fcfbc1e1000 rw-p 00000000 00:00 0 
7fcfbc1e1000-7fcfbc1e4000 r-xp 00000000 08:01 393227                     /lib/x86_64-linux-gnu/libdl-2.24.so
7fcfbc1e4000-7fcfbc3e3000 ---p 00003000 08:01 393227                     /lib/x86_64-linux-gnu/libdl-2.24.so
7fcfbc3e3000-7fcfbc3e4000 r--p 00002000 08:01 393227                     /lib/x86_64-linux-gnu/libdl-2.24.so
7fcfbc3e4000-7fcfbc3e5000 rw-p 00003000 08:01 393227                     /lib/x86_64-linux-gnu/libdl-2.24.so
7fcfbc3e5000-7fcfbc3f2000 r-xp 00000000 08:01 8627                       /usr/lib/jvm/java-8-openjdk-amd64/jre/lib/amd64/jli/libjli.so
7fcfbc3f2000-7fcfbc5f2000 ---p 0000d000 08:01 8627                       /usr/lib/jvm/java-8-openjdk-amd64/jre/lib/amd64/jli/libjli.so
7fcfbc5f2000-7fcfbc5f3000 r--p 0000d000 08:01 8627                       /usr/lib/jvm/java-8-openjdk-amd64/jre/lib/amd64/jli/libjli.so
7fcfbc5f3000-7fcfbc5f4000 rw-p 0000e000 08:01 8627                       /usr/lib/jvm/java-8-openjdk-amd64/jre/lib/amd64/jli/libjli.so
7fcfbc5f4000-7fcfbc60d000 r-xp 00000000 08:01 393308                     /lib/x86_64-linux-gnu/libz.so.1.2.8
7fcfbc60d000-7fcfbc80c000 ---p 00019000 08:01 393308                     /lib/x86_64-linux-gnu/libz.so.1.2.8
7fcfbc80c000-7fcfbc80d000 r--p 00018000 08:01 393308                     /lib/x86_64-linux-gnu/libz.so.1.2.8
7fcfbc80d000-7fcfbc80e000 rw-p 00019000 08:01 393308                     /lib/x86_64-linux-gnu/libz.so.1.2.8
7fcfbc80e000-7fcfbc826000 r-xp 00000000 08:01 393239                     /lib/x86_64-linux-gnu/libpthread-2.24.so
7fcfbc826000-7fcfbca25000 ---p 00018000 08:01 393239                     /lib/x86_64-linux-gnu/libpthread-2.24.so
7fcfbca25000-7fcfbca26000 r--p 00017000 08:01 393239                     /lib/x86_64-linux-gnu/libpthread-2.24.so
7fcfbca26000-7fcfbca27000 rw-p 00018000 08:01 393239                     /lib/x86_64-linux-gnu/libpthread-2.24.so
7fcfbca27000-7fcfbca2b000 rw-p 00000000 00:00 0 
7fcfbca2b000-7fcfbca4e000 r-xp 00000000 08:01 393219                     /lib/x86_64-linux-gnu/ld-2.24.so
7fcfbca4e000-7fcfbca4f000 r--s 00000000 08:01 1049320                    /home/sa/.gradle/caches/modules-2/files-2.1/org.springframework.boot/spring-boot-starter-logging/1.5.18.RELEASE/f60df51b2b14ee57db5340cf230ccd8514407017/spring-boot-starter-logging-1.5.18.RELEASE.jar
7fcfbca4f000-7fcfbca52000 r--s 00038000 08:01 8682                       /usr/lib/jvm/java-8-openjdk-amd64/jre/lib/ext/sunpkcs11.jar
7fcfbca52000-7fcfbca55000 r--s 0000f000 08:01 8676                       /usr/lib/jvm/java-8-openjdk-amd64/jre/lib/ext/icedtea-sound.jar
7fcfbca55000-7fcfbca5f000 r--s 00116000 08:01 8678                       /usr/lib/jvm/java-8-openjdk-amd64/jre/lib/ext/localedata.jar
7fcfbca5f000-7fcfbcb30000 rw-p 00000000 00:00 0 
7fcfbcb30000-7fcfbcb33000 ---p 00000000 00:00 0 
7fcfbcb33000-7fcfbcc33000 rw-p 00000000 00:00 0 
7fcfbcc33000-7fcfbcc34000 r--s 0000a000 08:01 8677                       /usr/lib/jvm/java-8-openjdk-amd64/jre/lib/ext/jaccess.jar
7fcfbcc34000-7fcfbcc36000 r--s 00007000 08:01 1056705                    /usr/share/java/java-atk-wrapper.jar
7fcfbcc36000-7fcfbcc3c000 r--s 0003b000 08:01 8681                       /usr/lib/jvm/java-8-openjdk-amd64/jre/lib/ext/sunjce_provider.jar
7fcfbcc3c000-7fcfbcc3d000 r--s 00010000 08:01 8683                       /usr/lib/jvm/java-8-openjdk-amd64/jre/lib/ext/zipfs.jar
7fcfbcc3d000-7fcfbcc3f000 r--s 00008000 08:01 8680                       /usr/lib/jvm/java-8-openjdk-amd64/jre/lib/ext/sunec.jar
7fcfbcc3f000-7fcfbcc41000 r--s 00001000 08:01 8675                       /usr/lib/jvm/java-8-openjdk-amd64/jre/lib/ext/dnsns.jar
7fcfbcc41000-7fcfbcc49000 rw-s 00000000 08:01 153074                     /tmp/hsperfdata_sa/3608
7fcfbcc49000-7fcfbcc4a000 rw-p 00000000 00:00 0 
7fcfbcc4a000-7fcfbcc4b000 r--p 00000000 00:00 0 
7fcfbcc4b000-7fcfbcc4e000 rw-p 00000000 00:00 0 
7fcfbcc4e000-7fcfbcc4f000 r--p 00023000 08:01 393219                     /lib/x86_64-linux-gnu/ld-2.24.so
7fcfbcc4f000-7fcfbcc50000 rw-p 00024000 08:01 393219                     /lib/x86_64-linux-gnu/ld-2.24.so
7fcfbcc50000-7fcfbcc51000 rw-p 00000000 00:00 0 
7fff6acc0000-7fff6ace6000 rw-p 00000000 00:00 0                          [stack]
7fff6ad35000-7fff6ad37000 r--p 00000000 00:00 0                          [vvar]
7fff6ad37000-7fff6ad39000 r-xp 00000000 00:00 0                          [vdso]
ffffffffff600000-ffffffffff601000 r-xp 00000000 00:00 0                  [vsyscall]

VM Arguments:
jvm_args: -Dendpoints.shutdown.enabled=true -Denv=development -Dfull.stacktrace=false -Dgrails.env=development -Dgrails.full.stacktrace=false -Dinfo.app.grailsVersion=3.3.9 -Dinfo.app.name=enrolSystem -Dinfo.app.version=0.1 -Djdk.reflect.allowGetCallerClass=true -Drun.active=true -Dspring.output.ansi.enabled=always -Dspring.profiles.active -Dspringloaded=inclusions=grails.plugins..*;synchronize=true;allowSplitPackages=true;cacheDir=/home/sa/myApp/StudentEnrol/enrolSystem/build/springloaded -Dverbose=false -XX:+TieredCompilation -XX:TieredStopAtLevel=1 -XX:CICompilerCount=3 -javaagent:/home/sa/.gradle/caches/modules-2/files-2.1/org.springframework/springloaded/1.2.8.RELEASE/b60bac05b0451cdc1863bfec617f39aa0dcaaa43/springloaded-1.2.8.RELEASE.jar -Xverify:none -Xms768m -Xmx768m -Dfile.encoding=UTF-8 -Duser.country=GB -Duser.language=en -Duser.variant 
java_command: enrolsystem.Application
java_class_path (initial): /home/sa/myApp/StudentEnrol/enrolSystem/src/main/resources:/home/sa/myApp/StudentEnrol/enrolSystem/grails-app/views:/home/sa/myApp/StudentEnrol/enrolSystem/grails-app/i18n:/home/sa/myApp/StudentEnrol/enrolSystem/grails-app/conf:/home/sa/myApp/StudentEnrol/enrolSystem/build/classes/main:/home/sa/myApp/StudentEnrol/enrolSystem/build/resources/main:/home/sa/myApp/StudentEnrol/enrolSystem/gsp-classes:/home/sa/.gradle/caches/modules-2/files-2.1/org.springframework.boot/spring-boot-starter-logging/1.5.18.RELEASE/f60df51b2b14ee57db5340cf230ccd8514407017/spring-boot-starter-logging-1.5.18.RELEASE.jar:/home/sa/.gradle/caches/modules-2/files-2.1/org.springframework.boot/spring-boot-autoconfigure/1.5.18.RELEASE/7951dd1fe36dea4a64db6c2f7e14f0b1e0adb3ea/spring-boot-autoconfigure-1.5.18.RELEASE.jar:/home/sa/.gradle/caches/modules-2/files-2.1/org.grails/grails-core/3.3.9/51a086528025dc387f0d6ad37d1b1f32d2dd0315/grails-core-3.3.9.jar:/home/sa/.gradle/caches/modules-2/files-2.1/org.springframework.boot/spring-boot-starter-actuator/1.5.18.RELEASE/c4858eedec690e61e547646ce7ae77e6bdc58c1a/spring-boot-starter-actuator-1.5.18.RELEASE.jar:/home/sa/.gradle/caches/modules-2/files-2.1/org.springframework.boot/spring-boot-starter-tomcat/1.5.18.RELEASE/a9698317aa43178ae5f09ae015a828f9919a878c/spring-boot-starter-tomcat-1.5.18.RELEASE.jar:/home/sa/.gradle/caches/modules-2/files-2.1/org.grails/grails-web-boot/3.3.9/11705ab16f846a5c8b62de2fe1c94885e27f0be7/grails-web-boot-3.3.9.jar:/home/sa/.gradle/caches/modules-2/files-2.1/org.grails/grails-logging/3.3.9/e92409153e4b910a94f7a19dcd5a088c0037473d/grails-logging-3.3.9.jar:/home/sa/.gradle/caches/modules-2/files-2.1/org.grails/grails-plugin-rest/3.3.9/e81a338b50e2fe4e0ff094498ba3bf7404d99c94/grails-plugin-rest-3.3.9.jar:/home/sa/.gradle/caches/modules-2/files-2.1/org.grails/grails-plugin-databinding/3.3.9/ec92ef8f39f93ea3374bede9b36e43147c08878e/grails-plugin-databinding-3.3.9.jar:/home/sa/.gradle/caches/modules-2/files
Launcher Type: SUN_STANDARD

Environment Variables:
PATH=/home/sa/.sdkman/candidates/grails/current/bin:/usr/local/bin:/usr/bin:/bin:/usr/local/games:/usr/games
USERNAME=sa
SHELL=/bin/bash
DISPLAY=:0

Signal Handlers:
SIGSEGV: [libjvm.so+0xa74b40], sa_mask[0]=11111111011111111101111111111110, sa_flags=SA_RESTART|SA_SIGINFO
SIGBUS: [libjvm.so+0xa74b40], sa_mask[0]=11111111011111111101111111111110, sa_flags=SA_RESTART|SA_SIGINFO
SIGFPE: [libjvm.so+0x8bd510], sa_mask[0]=11111111011111111101111111111110, sa_flags=SA_RESTART|SA_SIGINFO
SIGPIPE: [libjvm.so+0x8bd510], sa_mask[0]=11111111011111111101111111111110, sa_flags=SA_RESTART|SA_SIGINFO
SIGXFSZ: [libjvm.so+0x8bd510], sa_mask[0]=11111111011111111101111111111110, sa_flags=SA_RESTART|SA_SIGINFO
SIGILL: [libjvm.so+0x8bd510], sa_mask[0]=11111111011111111101111111111110, sa_flags=SA_RESTART|SA_SIGINFO
SIGUSR1: SIG_DFL, sa_mask[0]=00000000000000000000000000000000, sa_flags=none
SIGUSR2: [libjvm.so+0x8bd3c0], sa_mask[0]=00100000000000000000000000000000, sa_flags=SA_RESTART|SA_SIGINFO
SIGHUP: [libjvm.so+0x8bd870], sa_mask[0]=11111111011111111101111111111110, sa_flags=SA_RESTART|SA_SIGINFO
SIGINT: [libjvm.so+0x8bd870], sa_mask[0]=11111111011111111101111111111110, sa_flags=SA_RESTART|SA_SIGINFO
SIGTERM: [libjvm.so+0x8bd870], sa_mask[0]=11111111011111111101111111111110, sa_flags=SA_RESTART|SA_SIGINFO
SIGQUIT: [libjvm.so+0x8bd870], sa_mask[0]=11111111011111111101111111111110, sa_flags=SA_RESTART|SA_SIGINFO


---------------  S Y S T E M  ---------------

OS:PRETTY_NAME="Debian GNU/Linux 9 (stretch)"
NAME="Debian GNU/Linux"
VERSION_ID="9"
VERSION="9 (stretch)"
ID=debian
HOME_URL="https://www.debian.org/"
SUPPORT_URL="https://www.debian.org/support"
BUG_REPORT_URL="https://bugs.debian.org/"

uname:Linux 4.9.0-8-amd64 #1 SMP Debian 4.9.130-2 (2018-10-27) x86_64
libc:glibc 2.24 NPTL 2.24 
rlimit: STACK 8192k, CORE 0k, NPROC 7855, NOFILE 4096, AS infinity
load average:0.70 0.31 0.34

/proc/meminfo:
MemTotal:        2033664 kB
MemFree:          111508 kB
MemAvailable:     287472 kB
Buffers:           11964 kB
Cached:           297828 kB
SwapCached:        28520 kB
Active:          1259868 kB
Inactive:         480080 kB
Active(anon):    1080272 kB
Inactive(anon):   366032 kB
Active(file):     179596 kB
Inactive(file):   114048 kB
Unevictable:          32 kB
Mlocked:              32 kB
SwapTotal:       2094076 kB
SwapFree:        1648820 kB
Dirty:               680 kB
Writeback:             0 kB
AnonPages:       1426284 kB
Mapped:           185252 kB
Shmem:             16072 kB
Slab:              68624 kB
SReclaimable:      27992 kB
SUnreclaim:        40632 kB
KernelStack:       10720 kB
PageTables:        42212 kB
NFS_Unstable:          0 kB
Bounce:                0 kB
WritebackTmp:          0 kB
CommitLimit:     3110908 kB
Committed_AS:    6191020 kB
VmallocTotal:   34359738367 kB
VmallocUsed:           0 kB
VmallocChunk:          0 kB
HardwareCorrupted:     0 kB
AnonHugePages:      2048 kB
ShmemHugePages:        0 kB
ShmemPmdMapped:        0 kB
HugePages_Total:       0
HugePages_Free:        0
HugePages_Rsvd:        0
HugePages_Surp:        0
Hugepagesize:       2048 kB
DirectMap4k:      116608 kB
DirectMap2M:     1980416 kB
DirectMap1G:           0 kB


CPU:total 1 (initial active 1) (1 cores per cpu, 1 threads per core) family 6 model 94 stepping 3, cmov, cx8, fxsr, mmx, sse, sse2, sse3, ssse3, sse4.1, sse4.2, popcnt, avx, avx2, aes, clmul, erms, rtm, 3dnowpref, lzcnt, tsc, tscinvbit, bmi1, bmi2, adx

/proc/cpuinfo:
processor	: 0
vendor_id	: GenuineIntel
cpu family	: 6
model		: 94
model name	: Intel(R) Core(TM) i5-6300HQ CPU @ 2.30GHz
stepping	: 3
microcode	: 0xc2
cpu MHz		: 2303.997
cache size	: 6144 KB
physical id	: 0
siblings	: 1
core id		: 0
cpu cores	: 1
apicid		: 0
initial apicid	: 0
fpu		: yes
fpu_exception	: yes
cpuid level	: 22
wp		: yes
flags		: fpu vme de pse tsc msr pae mce cx8 apic sep mtrr pge mca cmov pat pse36 clflush mmx fxsr sse sse2 ss syscall nx pdpe1gb rdtscp lm constant_tsc arch_perfmon nopl xtopology tsc_reliable nonstop_tsc pni pclmulqdq ssse3 fma cx16 pcid sse4_1 sse4_2 x2apic movbe popcnt tsc_deadline_timer aes xsave avx f16c rdrand hypervisor lahf_lm abm 3dnowprefetch invpcid_single ibrs ibpb stibp kaiser fsgsbase tsc_adjust bmi1 hle avx2 smep bmi2 invpcid rtm mpx rdseed adx smap clflushopt xsaveopt xsavec xsaves arat arch_capabilities
bugs		: cpu_meltdown spectre_v1 spectre_v2 spec_store_bypass l1tf
bogomips	: 4607.99
clflush size	: 64
cache_alignment	: 64
address sizes	: 43 bits physical, 48 bits virtual
power management:



Memory: 4k page, physical 2033664k(111508k free), swap 2094076k(1648820k free)

vm_info: OpenJDK 64-Bit Server VM (25.181-b13) for linux-amd64 JRE (1.8.0_181-8u181-b13-2~deb9u1-b13), built on Oct 22 2018 18:05:23 by "pbuilder" with gcc 6.3.0 20170516

time: Tue Mar  5 17:59:34 2019
elapsed time: 1036 seconds (0d 0h 17m 16s)

